features/admin/user.feature:21.254794597625732
features/custom_fields/create_bool.feature:11.824590921401978
features/custom_fields/edit_bool.feature:6.803788900375366
features/general_administration.feature:7.458944082260132
features/planning_elements/filter.feature:67.90526580810547
features/projects/show.feature:4.4210638999938965
features/users/password_complexity_checks.feature:9.30823802947998
features/versions/edit.feature:2.957937717437744
features/work_packages/changesets_on_show.feature:10.702651023864746
features/work_packages/copy_with_watchers.feature:12.6042799949646
features/work_packages/navigate_to_edit.feature:7.26867413520813
features/work_packages/switch_type.feature:4.98246693611145
features/activities/index.feature:3.113095998764038
features/custom_fields/edit_bool_delete_localizations.feature:0.6856679916381836
features/issues/time_entries.feature:29.522482872009277
features/projects/archive.feature:22.968013048171997
features/timelines/timeline_comparison_view.feature:9.385524988174438
features/timelines/timeline_view_with_reporters.feature:70.87646293640137
features/users/add_user.feature:3.314553737640381
features/users/force_password_change.feature:10.895864963531494
features/users/random_password_assignment.feature:11.002774000167847
features/wiki/parent_page.feature:5.9299211502075195
features/wiki/wiki_initial.feature:6.297181844711304
features/work_packages/diff_on_show.feature:0.9747560024261475
features/planning_element_type_colors/colors_administration.feature:21.823258876800537
features/project_types/project_types_administration.feature:25.556543827056885
features/projects/visibility.feature:4.468430042266846
features/reportings/reporting_permissions.feature:29.80443787574768
features/timelines/navigate_to_timeline.feature:8.427798986434937
features/timelines/show.feature:4.93776273727417
features/types/types_adminstration.feature:20.40826916694641
features/users/user_project_access.feature:7.243958950042725
features/wiki/wiki_rename.feature:3.488585948944092
features/work_packages/create.feature:1.4752600193023682
features/work_packages/log_time_on_update.feature:3.8278870582580566
features/work_packages/preview.feature:4.523224115371704
features/work_packages/work_package_textile_link.feature:10.034466743469238
features/custom_fields/create_date.feature:6.6774070262908936
features/custom_fields/create_text.feature:1.6597249507904053
features/issues/issue_edit.feature:24.95867085456848
features/issues/issue_show.feature:73.81519412994385
features/issues/show.feature:4.266723155975342
features/menu_items.feature:10.250272989273071
features/projects/copy_project.feature:37.00779914855957
features/projects/index_feed.feature:2.2133450508117676
features/users/lock_user.feature:1.115311861038208
features/wiki/wiki_add_edit.feature:16.09875988960266
features/wiki/wiki_index.feature:2.774636745452881
features/work_packages/editable_fields.feature:4.424482107162476
features/work_packages/index_groupings.feature:1.3538601398468018
features/custom_fields/create_int.feature:4.047360181808472
features/custom_fields/edit_text.feature:11.943168878555298
features/layout.feature:0.8569579124450684
features/projects/create.feature:15.350144147872925
features/roles/role_crud.feature:10.392412900924683
features/timelines/timeline_filter_custom_fields.feature:53.22785496711731
features/timelines/timeline_work_package_show_view.feature:7.8942320346832275
features/users/brute_force_prevention.feature:11.917443037033081
features/wiki/breadcrumb.feature:3.7399659156799316
features/work_packages/attachments.feature:5.713495969772339
features/work_packages/bulk.feature:58.23527383804321
features/work_packages/index_move_columns.feature:2.68430495262146
features/work_packages/moves/work_package_moves_new_copy.feature:13.66756010055542
features/custom_fields/create_float.feature:10.152086019515991
features/enumerations/administration.feature:2.9889941215515137
features/issues/issue_new.feature:3.173460006713867
features/issues/query.feature:1.7911748886108398
features/menu_items/query_menu_items.feature:28.428421020507812
features/messages/message.feature:21.245274782180786
features/planning_elements/show.feature:4.53304123878479
features/users/lost_password.feature:3.947967052459717
features/users/password_expiry.feature:10.588953256607056
features/work_packages/error_on_update.feature:6.589915037155151
features/work_packages/localized_log_time.feature:5.800209999084473
features/work_packages/update.feature:14.095234870910645
features/work_packages/work_package_show.feature:83.98213696479797
features/custom_fields/create_list.feature:13.42398476600647
features/menu_items/wiki_menu_items.feature:62.65936994552612
features/project_types/project_creation_with_type.feature:4.067986011505127
features/reportings/reporting_administration.feature:33.99033284187317
features/search/pagination.feature:16.74678325653076
features/timelines/timeline_wiki_macro.feature:8.089543104171753
features/users/former_passwords.feature:3.4739813804626465
features/users/status.feature:15.692255020141602
features/users/user_activation.feature:3.3909239768981934
features/users/user_auth.feature:18.107865810394287
features/users/user_registration.feature:3.107316017150879
features/wiki/wiki_create_child.feature:5.420360803604126
features/wiki/wiki_new_child.feature:3.489448308944702
features/issues/relations.feature:1.1860320568084717
features/projects/default_settings.feature:14.26863408088684
features/projects/settings.feature:2.4463469982147217
features/search/search.feature:23.503453969955444
features/session/user_session.feature:34.25952196121216
features/timelines/timeline_view.feature:26.201819896697998
features/timelines/timeline_view_custom_fields.feature:105.09295701980591
features/timelines/timeline_view_with_filters.feature:7.878263711929321
features/types/types.feature:1.200028896331787
features/wiki/wiki_links.feature:1.0075469017028809
features/work_packages/destroy.feature:7.24234414100647
features/work_packages/export.feature:0.5469858646392822
features/work_packages/reports.feature:1.3116469383239746
