spec/controllers/work_packages/bulk_controller_spec.rb:99.308038
spec/models/work_package/work_package_scheduling_spec.rb:3.720126
spec/lib/api/v3/formatter/txt_charset_spec.rb:0.021452
spec/permissions/copy_projects_spec.rb:0.92576
spec/models/work_package/work_package_custom_fields_spec.rb:5.968828
spec/lib/api/utilities/property_name_converter_spec.rb:1.646691
spec/requests/api/v3/versions/project_resource_spec.rb:8.200756
spec/models/project_type_spec.rb:0.300143
spec/helpers/work_packages_filter_helper_spec.rb:1.056052
spec/models/work_package/work_package_relations_spec.rb:14.233324
spec/features/categories/delete_spec.rb:3.767279
spec/lib/open_project/themes/theme_finder_spec.rb:0.416195
spec/controllers/api/v2/project_types_controller_spec.rb:0.505695
spec/views/api/v2/reportings/index_api_json_spec.rb:0.53145
spec/helpers/pagination_helper_spec.rb:0.550713
spec/lib/api/v3/work_packages/schema/typed_work_package_schema_spec.rb:0.138517
spec/models/planning_element_type_color_spec.rb:0.11658
spec/lib/api/v3/utilities/custom_field_injector_spec.rb:2.369
spec/models/mail_handler_spec.rb:0.571408
spec/views/api/v2/project_associations/available_projects_api_json_spec.rb:0.475569
spec/controllers/homescreen_controller_spec.rb:3.045273
spec/lib/api/v3/projects/project_collection_representer_spec.rb:0.689504
spec/views/api/v2/authentication/index_api_json_spec.rb:0.060686
spec/models/timeline_spec.rb:0.103997
spec/features/menu_items/admin_menu_item_spec.rb:0.342411
spec/models/changeset_spec.rb:3.163388
spec/lib/api/v3/users/user_representer_spec.rb:0.569778
spec/requests/api/v3/types/types_by_project_resource_spec.rb:6.694846
spec/views/api/v2/projects/show_api_json_spec.rb:3.404146
spec/controllers/custom_fields_controller_spec.rb:0.987382
spec/routing/admin_spec.rb:0.004387
spec/helpers/timelines_helper_spec.rb:0.159103
spec/routing/categories_spec.rb:0.019904
spec/views/account/login.html.erb_spec.rb:0.292788
spec/models/project/storage_spec.rb:8.477173
spec/models/menu_item_spec.rb:0.1732
spec/controllers/api/v2/planning_element_type_colors_controller_spec.rb:0.723309
spec/controllers/api/v2/pagination/statuses_controller_spec.rb:0.040493
spec/models/custom_value/version_strategy_spec.rb:0.314755
spec/controllers/api/v2/project_associations_controller_spec.rb:4.544713
spec/controllers/statuses_controller_spec.rb:3.491003
spec/lib/open_project/plugins/module_handler_spec.rb:0.002694
spec/controllers/project_types_controller_spec.rb:1.1399
spec/controllers/authentication_spec.rb:0.082939
spec/models/reporting_spec.rb:1.123389
spec/controllers/users_controller_spec.rb:6.150856
spec/workers/mail_notification_jobs/deliver_watcher_notification_job_spec.rb:1.139756
spec/views/api/v2/project_types/index_api_json_spec.rb:0.027065
spec/models/work_package/work_package_action_mailer_spec.rb:3.539816
spec/controllers/reportings_controller_spec.rb:6.368339
spec/permissions/work_packages_bulk_spec.rb:0.590634
spec/lib/open_project/footer_spec.rb:0.009343
spec/requests/api/v3/priority_resource_spec.rb:3.395324
spec/lib/acts_as_list/acts_as_list_patch_spec.rb:0.016513
spec/models/repository/subversion_spec.rb:10.255372
spec/lib/open_project/content_type_detector_spec.rb:0.055394
spec/routing/previews_routing_spec.rb:0.21598
spec/lib/open_project/client_preference_extractor_spec.rb:0.0464
spec/lib/open_project/omni_auth/authorization_spec.rb:0.056375
spec/models/journal/aggregated_journal_spec.rb:15.18938
spec/views/projects/settings.html.erb_spec.rb:0.394454
spec/models/workflow_spec.rb:0.7356
spec/features/members/roles_spec.rb:28.947552
spec/controllers/members_controller_spec.rb:3.175401
spec/requests/api/v3/status_resource_spec.rb:5.120934
spec/views/api/experimental/versions/index_api_json_spec.rb:0.392903
spec/controllers/my_controller_spec.rb:2.251532
spec/models/work_package/work_package_planning_spec.rb:12.312333
spec/views/search/index.html.erb_spec.rb:0.6206
spec/requests/short_uri_wp_spec.rb:0.00947
spec/lib/open_project/scm/adapters/git_adapter_spec.rb:1.700146
spec/views/api/v2/authentication/index_api_xml_spec.rb:0.050683
spec/lib/api/v3/users/user_collection_representer_spec.rb:0.231104
spec/controllers/work_packages_controller_spec.rb:24.41532
spec/services/add_attachment_service_spec.rb:2.933369
spec/lib/api/v3/statuses/status_collection_representer_spec.rb:0.180904
spec/controllers/api/v2/workflows_controller_spec.rb:6.83835
spec/models/work_package/work_package_validations_spec.rb:7.127172
spec/controllers/api/v2/users_controller_spec.rb:1.534868
spec/controllers/api/v2/versions_controller_spec.rb:7.633275
spec/requests/api/v3/projects/available_responsibles_api_spec.rb:7.744719
spec/views/work_package/show.html.erb_spec.rb:1.528613
spec/helpers/application_helper_spec.rb:3.370952
spec/lib/api/v3/queries/query_representer_spec.rb:0.707311
spec/controllers/project_associations_controller_spec.rb:5.466559
spec/features/workflows/copy_spec.rb:0.310549
spec/lib/api/v3/work_packages/work_package_payload_representer_spec.rb:8.894541
spec/routing/work_package/calendars_routing_spec.rb:0.006696
spec/requests/api/v3/authentication_spec.rb:3.073634
spec/views/api/experimental/queries/available_columns_api_json_spec.rb:0.152834
spec/app/services/scm/create_managed_repository_service_spec.rb:0.562465
spec/routing/my_spec.rb:0.067017
spec/features/members/error_messages_spec.rb:63.349423
spec/lib/open_project/authentication/strategies/warden/global_basic_auth_spec.rb:0.032612
spec/controllers/api/v2/statuses_controller_spec.rb:0.137511
spec/permissions/manage_boards_spec.rb:0.791393
spec/policies/redirect_policy_spec.rb:0.066476
spec/permissions/export_work_packages_spec.rb:0.619033
spec/routing/wiki_routing_spec.rb:0.020105
spec/views/repositories/stats.html.erb_spec.rb:0.241457
spec/controllers/wiki_menu_items_controller_spec.rb:1.862367
spec/routing/search_spec.rb:0.003618
spec/features/users/edit_users_spec.rb:16.242113
spec/models/repository/git_spec.rb:33.339239
spec/models/enabled_module_spec.rb:0.754045
spec/controllers/copy_projects_controller_spec.rb:4.520659
spec/permissions/edit_messages_spec.rb:0.328164
spec/helpers/projects_helper_spec.rb:1.338794
spec/controllers/journals_controller_spec.rb:2.56735
spec/views/users/edit.html.erb_spec.rb:1.837561
spec/requests/api/v3/activity_resource_spec.rb:12.670909
spec/views/settings/_authentication.html.erb_spec.rb:0.255905
spec/controllers/auth_sources_controller_spec.rb:1.652721
spec/controllers/api/v2/pagination/reported_project_statuses_controller_spec.rb:0.055202
spec/permissions/edit_work_packages_spec.rb:1.997864
spec/lib/api/v3/work_packages/schema/specific_work_package_schema_spec.rb:1.455565
spec/lib/api/v3/activities/activity_representer_spec.rb:7.697857
spec/controllers/api/experimental/concerns/query_loading_spec.rb:0.26306
spec/features/menu_items/top_menu_item_spec.rb:33.061262
spec/lib/open_project/notifications_spec.rb:0.012448
spec/views/layouts/base.html.erb_spec.rb:1.273679
spec/routing/workflows_spec.rb:0.032106
spec/models/work_package/work_package_acts_as_searchable_spec.rb:0.990979
spec/lib/api/v3/types/type_representer_spec.rb:0.584216
spec/features/auth/omniauth_spec.rb:4.438837
spec/lib/api/v3/versions/version_representer_spec.rb:1.883125
spec/lib/api/v3/work_packages/schema/work_package_schema_representer_spec.rb:75.732318
spec/controllers/repositories_controller_spec.rb:3.984208
spec/views/users/show.html.erb_spec.rb:0.458233
spec/models/menu_items/wiki_menu_item_spec.rb:1.204603
spec/models/custom_field_spec.rb:0.798909
spec/views/api/v2/planning_elements/index_api_json_spec.rb:2.246778
spec/requests/api/v3/types/type_resource_spec.rb:4.635973
spec/models/work_package/work_package_status_spec.rb:4.612853
spec/requests/api/v3/work_packages/work_packages_by_project_resource_spec.rb:27.94817
spec/security/active_support_to_json_spec.rb:0.002711
spec/services/set_localization_service_spec.rb:0.085571
spec/permissions/add_messages_spec.rb:0.499467
spec/views/api/v2/reported_project_statuses/show_api_json_spec.rb:0.143796
spec/features/time_entry/csv_export_spec.rb:3.218654
spec/requests/api/v3/watcher_resource_spec.rb:42.718018
spec/helpers/previews_helper_spec.rb:0.007329
spec/routing/homescreen_spec.rb:0.003158
spec/routing/users_routing_spec.rb:0.027318
spec/views/common/validation_error.html.erb_spec.rb:0.024872
spec/controllers/wiki_controller_spec.rb:32.398348
spec/models/news_spec.rb:5.584859
spec/lib/open_project/themes/default_theme_spec.rb:0.060132
spec/controllers/api/v2/reportings_controller_spec.rb:4.071956
spec/lib/custom_field_form_builder_spec.rb:0.758605
spec/views/api/v2/users/index_api_json_spec.rb:0.036961
spec/workers/mail_notification_jobs/deliver_work_package_notification_job_spec.rb:5.112851
spec/models/custom_value/int_strategy_spec.rb:0.020063
spec/models/custom_value/user_strategy_spec.rb:0.047633
spec/routing/api/v2/planning_element_priorities_routing_spec.rb:0.003882
spec/models/principal_spec.rb:2.722756
spec/lib/open_project/principal_allowance_evaluator/default_spec.rb:0.094879
spec/models/work_package/work_package_acts_as_watchable_spec.rb:3.010864
spec/models/query_spec.rb:0.882284
spec/lib/open_project/before_delayed_job_spec.rb:0.004921
spec/helpers/settings_helper_spec.rb:0.449173
spec/views/api/v2/reported_project_statuses/index_api_json_spec.rb:0.036946
spec/views/api/v2/statuses/index_api_json_spec.rb:0.03264
spec/views/layouts/admin.html.erb_spec.rb:0.341824
spec/models/custom_value_spec.rb:0.223067
spec/models/custom_value/format_strategy_spec.rb:0.011586
spec/controllers/api/v2/planning_elements_controller_spec.rb:42.751425
spec/routing/api/v1_spec.rb:0.33479
spec/controllers/api/v2/projects_controller_spec.rb:2.580679
spec/models/work_package/work_package_visibility_spec.rb:2.492948
spec/lib/api/v3/repositories/revision_representer_spec.rb:0.956074
spec/lib/acts_as_watchable/lib/acts_as_watchable/routes_spec.rb:0.022558
spec/models/work_package/work_package_reschedule_after_spec.rb:21.603916
spec/controllers/search_controller_spec.rb:21.447626
spec/controllers/api/v2/pagination/projects_controller_spec.rb:0.091845
spec/requests/api/v3/work_packages/create_form_resource_spec.rb:1.912547
spec/features/menu_items/query_menu_item_spec.rb:19.485524
spec/models/group_spec.rb:1.439552
spec/models/messages_spec.rb:2.010218
spec/requests/api/v3/activities_by_work_package_resource_spec.rb:3.774064
spec/models/work_package/planning_comparison_spec.rb:4.443698
spec/lib/redcloth/redcloth_spec.rb:0.020554
spec/views/api/experimental/work_packages/column_sums_api_json_spec.rb:0.045603
spec/controllers/projects_controller_spec.rb:14.477271
spec/models/work_package_spec.rb:68.809559
spec/views/api/v2/planning_element_type_colors/show_api_json_spec.rb:0.050447
spec/lib/acts_as_journalized/journaled_spec.rb:4.595938
spec/models/user_password_spec.rb:0.111366
spec/models/project/copy_spec.rb:12.506086
spec/lib/api/v3/work_packages/work_package_collection_representer_spec.rb:59.994742
spec/views/api/v2/statuses/show_api_json_spec.rb:0.028202
spec/views/api/v2/planning_element_types/index_api_json_spec.rb:0.028041
spec/controllers/timelog_controller_spec.rb:2.847921
spec/helpers/sort_helper_spec.rb:0.026655
spec/requests/api/v3/attachments/attachments_by_work_package_resource_spec.rb:32.124922
spec/controllers/timelines_controller_spec.rb:10.412259
spec/lib/open_project/scm/manager_spec.rb:0.006536
spec/models/user_preference_spec.rb:0.009078
spec/models/version_spec.rb:5.950683
spec/models/attachment_spec.rb:3.367901
spec/models/project_spec.rb:4.151617
spec/views/api/v2/custom_fields/index_api_rabl_spec.rb:0.116459
spec/models/custom_value/float_strategy_spec.rb:0.020288
spec/models/menu_items/query_menu_item_spec.rb:0.131244
spec/lib/api/v3/priorities/priority_collection_representer_spec.rb:0.132981
spec/models/work_package/ask_before_destruction_spec.rb:13.409882
spec/routing/settings_spec.rb:0.015308
spec/views/api/v2/reportings/show_api_json_spec.rb:0.528269
spec/requests/api/v3/activities_api_spec.rb:3.134775
spec/controllers/api/experimental/groups_controller_spec.rb:1.187537
spec/features/groups/groups_spec.rb:0.227934
spec/lib/open_project/passwords_spec.rb:0.11591800000000001
spec/decorators/api/experimental/work_package_decorator_spec.rb:0.144356
spec/controllers/api/v2/pagination/principals_controller_spec.rb:0.027171
spec/views/api/experimental/queries/grouped_api_json_spec.rb:0.075023
spec/features/users/create_spec.rb:21.664397
spec/controllers/application_controller_spec.rb:0.429966
spec/lib/representable_spec.rb:0.007485
spec/lib/journal_formatter/custom_field_spec.rb:0.20238
spec/controllers/api/experimental/queries_controller_spec.rb:5.389787
spec/controllers/api/experimental/users_controller_spec.rb:0.567282
spec/controllers/api/experimental/work_packages_controller_spec.rb:11.569858
spec/models/role_spec.rb:0.015243
spec/controllers/types_controller_spec.rb:9.081033
spec/lib/open_project/scm/adapters/subversion_adapter_spec.rb:1.102798
spec/models/wiki_spec.rb:2.127099
spec/controllers/news_controller_spec.rb:4.474249
spec/views/api/v2/versions/index_api_json_spec.rb:0.29338
spec/lib/redmine/access_control_spec.rb:0.017074
spec/views/my/page.html.erb_spec.rb:2.146018
spec/lib/api/v3/categories/category_collection_representer_spec.rb:2.39424
spec/requests/api/v3/projects/version_resource_spec.rb:7.604758
spec/lib/open_project/files_spec.rb:0.053701
spec/requests/api/v3/user_resource_spec.rb:3.312744
spec/routing/status_routing_spec.rb:0.035108
spec/features/accessibility/work_packages/work_package_query_spec.rb:164.053308
spec/features/members/pagination_spec.rb:56.184391
spec/requests/api/v3/user/userlock_resource_spec.rb:0.866135
spec/models/queries/work_packages/filter_spec.rb:0.056821
spec/views/api/experimental/projects/index_api_json_spec.rb:0.547933
spec/controllers/settings_controller_spec.rb:4.897906
spec/lib/api/decorators/formattable_spec.rb:0.047913
spec/controllers/api/v2/planning_element_priorities_controller_spec.rb:0.461471
spec/controllers/activities_controller_spec.rb:4.941392
spec/models/wiki_page_spec.rb:1.968979
spec/requests/api/v3/query_resource_spec.rb:11.706804
spec/lib/open_project/plugins/acts_as_op_engine_spec.rb:0.017704
spec/features/attachments/attachments_spec.rb:8.27895
spec/controllers/concerns/omniauth_login_spec.rb:1.312297
spec/routing/work_package_bulk_spec.rb:0.009306
spec/controllers/attachments_controller_spec.rb:3.478276
spec/lib/redmine/unified_diff_spec.rb:0.007393
spec/requests/api/v3/projects/available_assignees_api_spec.rb:6.033197
spec/routing/journals_spec.rb:0.009339
spec/permissions/delete_work_packages_spec.rb:0.306033
spec/permissions/manage_repositories_spec.rb:0.368767
spec/lib/api/v3/attachments/attachment_representer_spec.rb:9.434732
spec/controllers/api/experimental/versions_controller_spec.rb:2.10154
spec/controllers/api/v2/pagination/project_types_controller_spec.rb:0.044854
spec/requests/api/v3/version_resource_spec.rb:2.232249
spec/permissions/add_work_packages_spec.rb:1.325141
spec/lib/api/v3/attachments/attachment_metadata_representer_spec.rb:0.030393
spec/models/permitted_params_spec.rb:0.50866
spec/helpers/work_packages_helper_spec.rb:1.749106
spec/features/work_packages/details/inplace_editor/subject_editor_spec.rb:103.179282
spec/views/api/experimental/projects/show_api_json_spec.rb:0.299414
spec/views/api/v2/project_associations/show_api_json_spec.rb:0.293076
spec/lib/journal_formatter/attachment_spec.rb:1.002066
spec/app/services/scm/repository_factory_service_spec.rb:0.166047
spec/controllers/api/v2/custom_fields_controller_spec.rb:6.572072
spec/lib/api/v3/priorities/priority_representer_spec.rb:0.057706
spec/routing/repositories_routing_spec.rb:0.111144
spec/lib/api/utilities/resource_link_parser_spec.rb:0.052445
spec/models/system_user_spec.rb:0.39638
spec/routing/work_package/auto_completes_routing_spec.rb:0.004203
spec/controllers/api/experimental/projects_controller_spec.rb:0.979335
spec/routing/work_packages_spec.rb:0.087341
spec/models/journal_manager_spec.rb:3.200829
spec/controllers/api/v2/planning_element_types_controller_spec.rb:5.543501
spec/features/auth/login_spec.rb:2.611287
spec/helpers/search_helper_spec.rb:0.796013
spec/routing/api/v2/pagination_spec.rb:0.029344
spec/helpers/users_helper_spec.rb:0.094999
spec/services/move_work_package_service_spec.rb:32.159455
spec/features/repositories/repository_settings_spec.rb:50.164637
spec/models/work_package/work_package_nested_set_spec.rb:33.199842
spec/lib/api/v3/work_packages/update_contract_spec.rb:3.181564
spec/models/custom_value/date_strategy_spec.rb:0.022117
spec/features/accessibility/work_packages/calendar_toggable_fieldsets_spec.rb:18.669838
spec/lib/open_project/text_formatting_spec.rb:27.353966
spec/models/available_project_status_spec.rb:0.287849
spec/mailers/user_mailer_spec.rb:16.599687
spec/permissions/edit_journals_spec.rb:0.882207
spec/app/services/scm/checkout_instructions_service_spec.rb:0.493521
spec/controllers/api/v2/planning_element_journals_controller_spec.rb:1.461652
spec/permissions/manage_news_spec.rb:0.540332
spec/features/boards/message_spec.rb:6.443044
spec/views/api/experimental/work_packages/column_data_api_json_spec.rb:0.044956
spec/routing/project_routing_spec.rb:0.113593
spec/routing/api/v2/workflows_spec.rb:0.004452
spec/models/member_spec.rb:3.393925
spec/lib/api/v3/configuration/configuration_representer_spec.rb:0.074182
spec/features/api/authentication_spec.rb:0.664103
spec/lib/api/decorators/link_object_spec.rb:0.03981
spec/requests/api/v3/work_packages/form/work_package_form_resource_spec.rb:192.160083
spec/routing/roles_spec.rb:0.004646
spec/views/api/v2/planning_element_type_colors/index_api_json_spec.rb:0.025634
spec/views/work_package/auto_complete/index_spec.rb:0.12725
spec/controllers/news/comments_controller_spec.rb:0.817986
spec/models/custom_value/list_strategy_spec.rb:0.03351
spec/lib/copy_model/copy_model_spec.rb:0.121108
spec/lib/api/v3/work_packages/work_packages_shared_helpers_spec.rb:1.850368
spec/requests/api/v3/repositories/revisions_by_work_package_resource_spec.rb:7.117097
spec/controllers/boards_controller_spec.rb:2.179682
spec/controllers/ldap_auth_sources_controller_spec.rb:0.18973
spec/helpers/toolbar_helper_spec.rb:0.013764
spec/lib/api/v3/categories/category_representer_spec.rb:1.591553
spec/views/api/v2/projects/index_api_json_spec.rb:0.129094
spec/views/api/v2/project_associations/index_api_json_spec.rb:0.531214
spec/app/services/scm/delete_managed_repository_service_spec.rb:0.630804
spec/services/create_work_package_service_spec.rb:1.011436
spec/routing/timelog_spec.rb:0.003412
spec/controllers/work_packages/calendars_controller_spec.rb:6.69359
spec/lib/open_project/themes/theme_spec.rb:0.066844
spec/decorators/single_spec.rb:0.227688
spec/models/custom_value/bool_strategy_spec.rb:0.025016
spec/controllers/work_packages/reports_controller_spec.rb:41.046944
spec/policies/query_policy_spec.rb:0.366002
spec/features/projects/delete_projects_spec.rb:8.7933
spec/models/timelines_project_spec.rb:2.028941
spec/views/api/v2/planning_elements/show_api_json_spec.rb:3.894438
spec/views/api/v2/planning_elements/index_api_xml_spec.rb:0.276822
spec/controllers/api/v2/pagination/users_controller_spec.rb:0.034969
spec/requests/api/v3/root_resource_spec.rb:2.349805
spec/requests/api/v3/locale_spec.rb:0.545431
spec/views/api/v2/projects/show_api_xml_spec.rb:0.079676
spec/models/custom_value/string_strategy_spec.rb:0.013353
spec/views/api/experimental/groups/index_api_json_spec.rb:0.056683
spec/permissions/view_work_packages_spec.rb:0.644323
spec/features/accessibility/custom_fields_spec.rb:41.382265
spec/lib/api/contracts/model_contract_spec.rb:0.05214
spec/controllers/api/experimental/concerns/column_data_spec.rb:0.034266
spec/requests/api/v3/projects/work_package_columns_resource_spec.rb:0.787533
spec/controllers/categories_controller_spec.rb:9.718838
spec/lib/open_project/configuration_spec.rb:0.051237
spec/views/api/experimental/work_packages/index_api_json_spec.rb:3.056188
spec/features/work_packages/saving_queries_spec.rb:0.001013
spec/lib/api/v3/projects/project_representer_spec.rb:4.510719
spec/controllers/wiki_menu_authentication_spec.rb:0.527026
spec/permissions/edit_wiki_pages_spec.rb:0.530419
spec/models/deleted_user_spec.rb:0.389781
spec/models/reports_services_spec.rb:0.115777
spec/controllers/api/v2/authentication_spec.rb:0.555701
spec/requests/api/v3/project_resource_spec.rb:4.325029
spec/models/project_association_spec.rb:1.723865
spec/controllers/api/v2/reported_project_statuses_controller_spec.rb:1.585815
spec/models/reported_project_status_spec.rb:0.363101
spec/views/api/v2/planning_element_priorities/index_api_xml_spec.rb:0.255284
spec/views/account/register.html.erb_spec.rb:0.315218
spec/models/user_deletion_spec.rb:73.864086
spec/features/work_packages/table_sorting_spec.rb:8.103008
spec/requests/old_issue_2_wp_spec.rb:0.011256
spec/controllers/api/experimental/roles_controller_spec.rb:0.63792
spec/policies/work_package_policy_spec.rb:0.182723
spec/requests/api/v3/category_resource_spec.rb:10.018845
spec/models/setting_spec.rb:1.432976
spec/lib/open_project/form_tag_helper_spec.rb:0.436246
spec/requests/api/v3/repositories/revisions_resource_spec.rb:2.627811
spec/routing/api/experimental/versions_spec.rb:0.006777
spec/views/wiki/new.html.erb_spec.rb:0.159979
spec/lib/open_project/storage_spec.rb:0.025681
spec/controllers/work_packages/moves_controller_spec.rb:29.931878
spec/routing/api/v2/project_specs_spec.rb:0.009884
spec/lib/api/v3/root_representer_spec.rb:0.26333
spec/routing/watchers_spec.rb:0.067911
spec/features/groups/membership_spec.rb:48.76408
spec/permissions/edit_own_messages_spec.rb:0.431157
spec/controllers/sys_controller_spec.rb:12.457441
spec/lib/redmine/i18n_spec.rb:0.343746
spec/lib/api/v3/work_packages/work_package_representer_spec.rb:76.962801
spec/features/work_packages/select_work_package_row_spec.rb:107.196845
spec/requests/api/v3/render_resource_spec.rb:8.360196
spec/routing/work_package/reports_routing_spec.rb:0.009855
spec/requests/api/v3/attachments/attachment_resource_spec.rb:4.41174
spec/models/query_column_spec.rb:0.017347
spec/models/query/results_spec.rb:5.54435
spec/models/user/authorization_spec.rb:0.939339
spec/controllers/work_packages/auto_completes_controller_spec.rb:15.012008
spec/lib/open_project/themes_spec.rb:0.121362
spec/models/work_package/work_package_acts_as_event_spec.rb:0.206108
spec/lib/api/v3/versions/version_collection_representer_spec.rb:1.905595
spec/lib/api/v3/statuses/status_representer_spec.rb:0.112973
spec/workers/mail_notification_jobs/enqueue_work_package_notification_job_spec.rb:6.465057
spec/controllers/work_packages/creation_spec.rb:1.479588
spec/helpers/avatar_helper_spec.rb:0.393939
spec/lib/api/v3/work_packages/base_contract_spec.rb:11.222081
spec/features/work_packages/select_query_spec.rb:25.175175
spec/features/repositories/create_repository_spec.rb:68.139086
spec/lib/api/v3/string_objects/string_object_representer_spec.rb:0.039102
spec/controllers/account_controller_spec.rb:3.577881
spec/features/work_packages/work_package_index_spec.rb:6.993247
spec/models/journal_notification_mailer_spec.rb:10.190019
spec/controllers/planning_element_type_colors_controller_spec.rb:0.9373
spec/lib/api/v3/utilities/path_helper_spec.rb:0.411127
spec/lib/journal_formatter/diff_spec.rb:0.096114
spec/views/api/v2/project_types/show_api_json_spec.rb:0.047298
spec/features/work_packages/details/inplace_editor/description_editor_spec.rb:128.490802
spec/models/work_package/work_package_notifications_spec.rb:1.457767
spec/models/board_spec.rb:1.466149
spec/controllers/messages_controller_spec.rb:5.821735
spec/lib/tabular_form_builder_spec.rb:1.571655
spec/views/api/v2/workflows/index_api_xml_spec.rb:0.131217
spec/routing/boards_routing_spec.rb:0.008439
spec/workers/scm/create_repository_job_spec.rb:0.517115
spec/lib/api/v3/work_packages/form_representer_spec.rb:2.02016
spec/controllers/api/v2/pagination/types_controller_spec.rb:0.052796
spec/lib/deprecated_alias_spec.rb:0.003059
spec/lib/api/v3/work_packages/create_form_representer_spec.rb:3.903996
spec/lib/api/v3/work_packages/update_form_representer_spec.rb:3.90014
spec/features/work_packages/details/activity_comments_spec.rb:92.738631
spec/helpers/custom_fields_helper_spec.rb:0.017219
spec/routing/types_spec.rb:0.004806
spec/features/groups/group_memberships_spec.rb:17.026232
spec/models/user_spec.rb:2.094293
spec/views/api/v2/planning_elements/destroy_api_json_spec.rb:0.181406
spec/routing/account_spec.rb:0.01156
spec/models/copy_project_job_spec.rb:1.894091
spec/lib/api/v3/utilities/resource_link_generator_spec.rb:0.087959
spec/requests/api/v3/work_package_resource_spec.rb:134.785301
spec/lib/open_project/configuration/helpers_spec.rb:0.010972
spec/requests/api/v3/string_objects_resource_spec.rb:0.147816
spec/requests/auth/api_v2_spec.rb:0.963186
spec/views/api/experimental/roles/index_api_json_spec.rb:0.029343
spec/lib/api/v3/utilities/date_time_formatter_spec.rb:0.035731
spec/models/work_package/work_package_acts_as_journalized_spec.rb:8.644679
spec/views/api/v2/projects/level_list_api_json_spec.rb:0.10303
spec/lib/open_project/themes/view_helpers_spec.rb:0.049764
spec/views/api/v2/planning_element_types/show_api_json_spec.rb:0.018308
spec/models/activity/work_package_activity_provider_spec.rb:4.356187
spec/features/members/membership_spec.rb:121.733605
spec/lib/open_project/file_command_content_type_detector_spec.rb:0.017398
spec/controllers/versions_controller_spec.rb:4.891807
spec/requests/api/v3/work_packages/work_packages_schemas_resource_spec.rb:1.526052
