
Randomized with seed 38520
spec/features/work_packages/table/hierarchy/parent_column_spec.rb:10.240065624006093
spec/features/projects/modules_spec.rb:0.8141628401353955
spec/features/users/invite_user_modal/invite_user_modal_spec.rb:77.83960749115795
spec/features/work_packages/switching_to_project_from_work_package_spec.rb:3.023558048531413
spec/features/work_packages/bulk/update_work_package_spec.rb:56.406539171002805
spec/features/work_packages/details/relations/hierarchy_spec.rb:96.2812723312527
spec/features/wysiwyg/user_mention_spec.rb:13.421738839708269
spec/features/work_packages/table/scheduling/manual_scheduling_spec.rb:9.22526731994003
spec/features/types/reset_form_configuration_spec.rb:6.0934734316542745
spec/features/work_packages/table/hierarchy/hierarchy_vs_grouping_spec.rb:6.915486827492714
spec/features/versions/graph_spec.rb:1.6798039311543107
spec/features/menu_items/help_menu_spec.rb:4.567553301341832
spec/features/work_packages/table/configuration_modal/filter_spec.rb:10.612745831720531
spec/features/work_packages/timeline/timeline_hierarchy_spec.rb:4.894744971767068
spec/features/work_packages/table/queries/me_filter_spec.rb:22.182492707856
spec/features/projects/template_spec.rb:14.783573530614376
spec/features/placeholder_users/placeholder_user_memberships_spec.rb:29.472191262990236
spec/features/categories/delete_spec.rb:6.1823499938473105
spec/features/work_packages/details/relations/relations_spec.rb:33.84201998542994
spec/features/work_packages/work_package_index_spec.rb:2.1028821729123592
spec/features/custom_fields/create_date_spec.rb:2.595619280822575
spec/features/users/self_registration_spec.rb:12.732933085411787
spec/features/repositories/checkout_instructions_spec.rb:1.4302202919498086

Randomized with seed 38520

Randomized with seed 57567
spec/features/work_packages/table/queries/mobile_date_filter_spec.rb:14.155987072736025
spec/features/work_packages/display_fields/estimated_hours_display_spec.rb:18.494228933937848
spec/features/work_packages/table/inline_create/parallel_creation_spec.rb:11.844323521479964
spec/features/work_packages/new/new_work_package_datepicker_spec.rb:4.934464976191521
spec/features/menu_items/menu_permissions_spec.rb:6.875473003834486
spec/features/work_packages/table/queries/user_cf_filter_spec.rb:15.482572438195348
spec/features/wysiwyg/linking_spec.rb:3.2390625458210707
spec/features/work_packages/copy_spec.rb:13.3467903053388
spec/features/work_packages/table/queries/bool_cf_filter_spec.rb:8.384149349294603
spec/features/admin/test_mail_notification_spec.rb:2.687621866352856
spec/features/work_packages/table/context_menu/context_menu_spec.rb:130.88106835074723
spec/features/work_packages/table/hierarchy/hierarchy_indent_spec.rb:64.82776171993464
spec/features/custom_fields/custom_fields_spec.rb:23.532391463406384
spec/features/users/brute_force_spec.rb:1.3302461029961705
spec/features/work_packages/table/hierarchy/hierarchy_sorting_spec.rb:5.4387691002339125
spec/features/work_packages/tabs/activity_revisions_spec.rb:40.81321401055902
spec/features/notifications/settings/my_notifications_settings_spec.rb:9.77362965233624
spec/features/custom_fields/activate_in_project_spec.rb:5.469321052543819
spec/features/menu_items/quick_add_menu_spec.rb:25.101695550605655
spec/features/work_packages/tabs/watcher_tab_spec.rb:28.147433961741626
spec/features/custom_fields/create_float_spec.rb:2.596755492500961
spec/features/errors/errors_handler_spec.rb:0.07926427014172077
spec/features/admin/oauth/oauth_applications_management_spec.rb:6.942461125552654

Randomized with seed 57567

Randomized with seed 9674
spec/features/work_packages/details/details_toolbar_spec.rb:9.47127297334373
spec/features/forums/sticky_spec.rb:0.9261557254940271
spec/features/work_packages/sorting/table_sorting_spec.rb:14.342082290910184
spec/features/work_packages/table/group_by/group_headers_spec.rb:8.812868678942323
spec/features/users/edit_users_spec.rb:8.016473445110023
spec/features/forums/attachment_upload_spec.rb:39.19053916167468
spec/features/activities/time_entry_activity_spec.rb:5.817380332387984
spec/features/wiki/rename_spec.rb:3.9868103247135878
spec/features/versions/project_settings_index_spec.rb:0.25099026132375
spec/features/work_package_show_spec.rb:1.862751169130206
spec/features/wiki/wiki_unicode_spec.rb:12.282511831261218
spec/features/work_packages/table/queries/subject_filter_spec.rb:7.119695981033146
spec/features/work_packages/timeline/timeline_navigation_spec.rb:47.789066694676876
spec/features/work_packages/select/select_card_view_spec.rb:9.260875912383199
spec/features/work_packages/details/markdown/activity_comments_spec.rb:93.95820208638906
spec/features/placeholder_users/index_spec.rb:17.731647520326078
spec/features/work_packages/scheduling/scheduling_mode_spec.rb:24.018735977821052
spec/features/work_packages/table/queries/filter_pagination_spec.rb:6.74599935952574
spec/features/work_packages/details/markdown/todolist_spec.rb:32.235382782295346
spec/features/work_packages/cards/wp_card_status_spec.rb:4.058220475912094
spec/features/work_packages/timeline/timeline_labels_spec.rb:11.228346919640899
spec/features/projects/projects_index_spec.rb:92.05917185824364

Randomized with seed 9674

Randomized with seed 35902
spec/features/work_packages/details/workdays_spec.rb:12.249092736281455
spec/features/work_packages/navigation_spec.rb:34.047871923074126
spec/features/users/password_change_spec.rb:26.94214672781527
spec/features/groups/groups_spec.rb:6.577842365019023
spec/features/api_docs/index_spec.rb:3.4745487989857793
spec/features/notifications/settings/pause_reminder_settings_spec.rb:10.185666012577713
spec/features/activities/wiki_activity_spec.rb:7.082206721417606
spec/features/groups/group_memberships_spec.rb:64.29914949461818
spec/features/wysiwyg/macros/code_block_macro_spec.rb:11.66547626722604
spec/features/work_packages/details/closed_status_and_version_spec.rb:2.7011980898678303
spec/features/admin/attribute_help_texts_spec.rb:21.89207445178181
spec/features/work_packages/table/relations_spec.rb:14.24477827642113
spec/features/wiki/wiki_page_navigation_spec.rb:1.9114062478765845
spec/features/onboarding/onboarding_tour_spec.rb:43.923709026537836
spec/features/work_packages/zen_mode_spec.rb:3.2065434399992228
spec/features/projects/subproject_creation_spec.rb:5.063925491645932
spec/features/watching/toggle_watching_spec.rb:10.154618251137435
spec/features/admin/enumerations_spec.rb:0.2573493793606758
spec/features/members/pagination_spec.rb:14.153827033936977
spec/features/work_packages/custom_actions/custom_actions_spec.rb:154.5045563019812
spec/features/wysiwyg/paragraphs_in_lists_spec.rb:1.2911095162853599
spec/features/custom_fields/create_bool_spec.rb:3.736399774439633
spec/features/admin/enterprise/enterprise_spec.rb:4.848311450332403

Randomized with seed 35902

Randomized with seed 11545
spec/features/projects/project_autocomplete_spec.rb:22.75168702378869
spec/features/notifications/notification_center/notification_center_spec.rb:79.17302388045937
spec/features/wysiwyg/macros/quicklink_macros_spec.rb:14.555264222435653
spec/features/work_packages/details/relations/hierarchy_custom_fields_spec.rb:4.909182599745691
spec/features/users/invite_user_modal/subproject_invite_spec.rb:11.390626333653927
spec/features/work_packages/table/duration_field_spec.rb:3.561636032536626
spec/features/security/expire_sessions_spec.rb:1.4084138749167323
spec/features/notifications/notification_center/notification_center_date_alerts_spec.rb:7.768441176973283
spec/features/notifications/navigation_spec.rb:9.445778280496597
spec/features/work_packages/details/milestones_spec.rb:3.665828255005181
spec/features/notifications/reminder_mail_spec.rb:0.7204405991360545
spec/features/projects/copy_spec.rb:18.968953198753297
spec/features/users/index_spec.rb:22.69504044763744
spec/features/users/delete_spec.rb:18.166797147132456
spec/features/work_packages/pagination_spec.rb:6.748587490990758
spec/features/projects/destroy_spec.rb:2.401375082321465
spec/features/wysiwyg/tables_spec.rb:30.42804456502199
spec/features/work_packages/table/hierarchy/hierarchy_parent_below_spec.rb:15.641956054605544
spec/features/workflows/copy_spec.rb:0.20707507245242596
spec/features/accessibility/work_packages/work_package_query_spec.rb:46.394221995957196
spec/features/global_roles/global_role_assignment_spec.rb:3.737224228680134
spec/features/work_packages/display_representations/switch_display_representations_spec.rb:19.677968754433095
spec/features/work_packages/bulk/move_work_package_spec.rb:115.5420990139246

Randomized with seed 11545

Randomized with seed 13223
spec/features/auth/lost_password_spec.rb:0.8974498249590397
spec/features/users/invite_user_modal/custom_fields_spec.rb:14.35091666970402
spec/features/admin/working_days_spec.rb:24.70841200929135
spec/features/work_packages/new/attributes_from_filter_spec.rb:11.39638521336019
spec/features/wiki/edit_new_page_spec.rb:2.216621086001396
spec/features/work_packages/table/work_packages_table_project_include_spec.rb:36.440679849125445
spec/features/notifications/settings/reminder_email_settings_spec.rb:7.115672482177615
spec/features/wysiwyg/macros/attribute_macros_spec.rb:6.093686502426863
spec/features/oauth/pkce_spec.rb:3.068091604858637
spec/features/wysiwyg/ui_localization_spec.rb:3.035887229256332
spec/features/work_packages/datepicker/datepicker_follows_relation_spec.rb:15.175755593925714
spec/features/menu_items/query_menu_item_spec.rb:8.903502528555691
spec/features/work_packages/select/select_work_package_row_spec.rb:14.056295975111425
spec/features/activities/disabled_activity_spec.rb:0.5414281953126192
spec/features/work_packages/attachments/attachment_upload_spec.rb:53.599537960253656
spec/features/work_packages/new/work_package_default_description_spec.rb:21.50550439953804
spec/features/work_packages/sorting/manual_sorting_spec.rb:153.81259928829968
spec/features/work_packages/table/baseline/baseline_query_spec.rb:20.62529251538217
spec/features/wysiwyg/non_breaking_spaces_spec.rb:3.768850464373827
spec/features/custom_fields/multi_value_custom_field_spec.rb:42.46692469995469
spec/features/admin/custom_fields/list_custom_field_spec.rb:4.456412431783974
spec/features/work_packages/table/inline_create/inline_create_refresh_spec.rb:7.493229353800416
spec/features/work_packages/work_package_workflow_form_spec.rb:4.585129465907812

Randomized with seed 13223

Randomized with seed 31423
spec/features/work_packages/timeline/timeline_dates_spec.rb:80.25226410292089
spec/features/work_packages/index_sums_spec.rb:28.31555158365518
spec/features/colors/color_administration_spec.rb:0.23833222035318613
spec/features/auth/auth_source_sso_login_spec.rb:0.2060836125165224
spec/features/roles/create_spec.rb:7.970062685199082
spec/features/auth/omniauth_spec.rb:2.217653372325003
spec/features/wysiwyg/work_package_linking_spec.rb:3.7555707274004817
spec/features/wysiwyg/html_encoding_spec.rb:3.4980920907109976
spec/features/custom_fields/multi_user_custom_field_spec.rb:15.565269608050585
spec/features/admin/settings_spec.rb:0.3438531579449773
spec/features/activities/activity_page_navigation_spec.rb:8.473534593358636
spec/features/placeholder_users/delete_spec.rb:10.30621434841305
spec/features/notifications/settings/immediate_reminder_spec.rb:4.5972813395783305
spec/features/work_packages/details/date_editor_spec.rb:128.8481706250459
spec/features/types/form_configuration_spec.rb:46.43841329868883
spec/features/groups/membership_spec.rb:35.56266119610518
spec/features/work_packages/select/select_query_spec.rb:6.381183440797031
spec/features/work_packages/table/configuration_modal/table_configuration_modal_spec.rb:2.492644435726106
spec/features/admin/enterprise/enterprise_trial_spec.rb:24.10761468205601
spec/features/custom_fields/reorder_options_spec.rb:3.836427462287247
spec/features/work_packages/select/select_wp_card_spec.rb:6.085048367269337
spec/features/work_packages/table/queries/query_history_spec.rb:19.266041925176978
spec/features/menu_items/wiki_menu_item_spec.rb:10.253737140446901
spec/features/forums/message_spec.rb:12.920816634781659

Randomized with seed 31423

Randomized with seed 33274
spec/features/work_packages/details/context_menu_spec.rb:6.208530026488006
spec/features/work_packages/tabs/keep_tab_spec.rb:8.019635524600744
spec/features/work_packages/edit_work_package_spec.rb:94.51329157873988
spec/features/work_packages/table/group_by/group_by_progress_spec.rb:12.413549836724997
spec/features/work_packages/table/group_by/group_by_boolean_spec.rb:3.584674553014338
spec/features/wysiwyg/custom_css_classes_spec.rb:5.949979476630688
spec/features/users/user_memberships_spec.rb:30.000837702304125
spec/features/auth/consent_auth_stage_spec.rb:27.01255436334759
spec/features/users/show_spec.rb:1.470455652102828
spec/features/work_packages/bulk/copy_work_package_spec.rb:97.26365448627621
spec/features/work_packages/export_spec.rb:54.93369556963444
spec/features/types/activate_in_project_spec.rb:4.517248185351491
spec/features/work_packages/table/queries/assignee_filter_spec.rb:13.507768398150802
spec/features/custom_fields/create_int_spec.rb:2.786772890947759
spec/features/auth/auth_source_sso_logout_spec.rb:0.24988225754350424
spec/features/admin/menu_item_traversal_spec.rb:8.293590200133622
spec/features/wiki/adding_editing_history_spec.rb:15.892541391775012
spec/features/notifications/settings/workdays_settings_spec.rb:18.137626408599317
spec/features/projects/export_spec.rb:9.813174365088344
spec/features/work_packages/tabs/activity_notifications_spec.rb:24.478497789241374
spec/features/users/my_spec.rb:19.80914485733956
spec/features/work_packages/table/milestones_spec.rb:5.790183071047068
spec/features/members/error_messages_spec.rb:1.469959913752973

Randomized with seed 33274

Randomized with seed 29560
spec/features/statuses/statuses_administration_spec.rb:0.9354734728112817
spec/features/work_packages/edit_on_assign_version_permission_spec.rb:10.789504487067461
spec/features/work_packages/table/switch_types_spec.rb:48.35535573400557
spec/features/projects/edit_settings_spec.rb:15.10056880209595
spec/features/notifications/notification_center/notification_center_sidemenu_spec.rb:9.457019443623722
spec/features/homescreen/index_spec.rb:5.322841743007302
spec/features/work_packages/table/queries/summary_spec.rb:2.5734062707051635
spec/features/work_packages/table/delete_work_packages_spec.rb:29.064844265580177
spec/features/attachments/attachments_spec.rb:0.0007501300424337387
spec/features/members/membership_filter_spec.rb:4.762205958366394
spec/features/global_roles/global_role_crud_spec.rb:3.5341032100841403
spec/features/work_packages/table/invalid_query_spec.rb:8.949486154131591
spec/features/work_packages/table/hierarchy/hierarchy_spec.rb:29.532952962443233
spec/features/activities/project_attributes_activity_spec.rb:3.2643134826794267
spec/features/work_packages/datepicker/datepicker_parent_spec.rb:4.076240744441748
spec/features/work_packages/details/custom_fields/custom_field_spec.rb:71.38284158241004
spec/features/repositories/repository_settings_spec.rb:25.28219653479755
spec/features/projects/create_spec.rb:21.01996755041182
spec/features/oauth/authorization_code_flow_spec.rb:10.934042293578386
spec/features/work_packages/tabs/activity_tab_spec.rb:32.86379654891789
spec/features/work_packages/table/queries/filter_spec.rb:119.51894512400031
spec/features/admin/enterprise/token_domain_spec.rb:9.983499326743186
spec/features/placeholder_users/create_spec.rb:0.47261098492890596
spec/features/news/creation_and_commenting_spec.rb:3.0584138995036483

Randomized with seed 29560

Randomized with seed 4281
spec/features/users/notifications/user_notifications_settings_spec.rb:13.81858827918768
spec/features/global_roles/global_create_project_spec.rb:7.49902359675616
spec/features/types/crud_spec.rb:10.847940447740257
spec/features/work_packages/display_fields/date_field_display_spec.rb:4.970981780439615
spec/features/work_packages/table/queries/query_name_inline_edit_spec.rb:10.237089787609875
spec/features/work_packages/new/new_work_package_spec.rb:221.108634384349
spec/features/work_packages/table/edit_work_packages_spec.rb:22.381742170080543
spec/features/homescreen/robots_spec.rb:0.12212031986564398
spec/features/projects/project_status_administration_spec.rb:5.93048847746104
spec/features/global_roles/no_module_spec.rb:1.2816026201471686
spec/features/versions/edit_spec.rb:0.3888093354180455
spec/features/work_packages/cancel_editing_spec.rb:36.55208963248879
spec/features/work_packages/table/configuration_modal/column_spec.rb:16.792747483588755
spec/features/work_packages/attribute_help_texts_spec.rb:4.90787011012435
spec/features/auth/auth_stages_spec.rb:2.510906685143709
spec/features/projects/projects_custom_fields_spec.rb:42.20015490334481
spec/features/work_packages/custom_actions/custom_actions_me_value_spec.rb:13.581250763498247
spec/features/auth/logout_spec.rb:3.5616148971021175
spec/features/custom_fields/create_long_text_spec.rb:6.014059609733522
spec/features/work_packages/table/queries/assignees_role_filter_spec.rb:19.548539029434323
spec/features/work_packages/highlighting_spec.rb:20.873899682424963
spec/features/auth/login_spec.rb:4.06657409388572
spec/features/global_roles/member_roles_spec.rb:0.9672443764284253

Randomized with seed 4281

Randomized with seed 43446
spec/features/projects/work_package_type_mgmt_spec.rb:7.54093031026423
spec/features/repositories/create_repository_spec.rb:35.65647447388619
spec/features/work_packages/table/empty_filters_spec.rb:2.8426423016935587
spec/features/types/form_configuration_query_spec.rb:96.42175223585218
spec/features/work_packages/details/inplace_editor/version_editor_spec.rb:13.024911552667618
spec/features/work_packages/table/inline_create/create_work_packages_spec.rb:58.20194664038718
spec/features/localization_spec.rb:0.2746359994634986
spec/features/notifications/notification_center/split_screen_spec.rb:11.748913650400937
spec/features/users/create_spec.rb:12.920489172451198
spec/features/menu_items/admin_menu_item_spec.rb:4.749655679799616
spec/features/members/roles_spec.rb:13.995061818510294
spec/features/search_spec.rb:100.20864300988615
spec/features/admin/custom_fields/multi_value_custom_fields_spec.rb:6.606232749298215
spec/features/security/session_ttl_spec.rb:0.8057079948484898
spec/features/projects/attribute_help_texts_spec.rb:7.00886844471097
spec/features/work_packages/table/queries/default_queries_spec.rb:2.091439646668732
spec/features/work_packages/table/queries/id_filter_spec.rb:23.69117086753249
spec/features/work_packages/table/baseline/baseline_rendering_spec.rb:8.596851068548858
spec/features/work_packages/datepicker/datepicker_non_working_day_spec.rb:14.98982672765851
spec/features/members/membership_spec.rb:27.4914254816249
spec/features/users/invite_user_modal/permission_lacking_current_project_spec.rb:5.357299135997891
spec/features/work_packages/table/queries/query_menu_refresh_spec.rb:2.9312514681369066
spec/features/work_packages/table/queries/query_menu_spec.rb:13.165962252765894

Randomized with seed 43446

Randomized with seed 16866
spec/features/work_packages/details/inplace_editor/subject_editor_spec.rb:54.42871965281665
spec/features/admin/backup_spec.rb:12.107933102175593
spec/features/wysiwyg/macros/work_package_button_spec.rb:4.053627536632121
spec/features/menu_items/top_menu_item_spec.rb:9.07475452311337
spec/features/wysiwyg/macros/child_pages_spec.rb:6.856062907725573
spec/features/work_packages/details/markdown/description_editor_spec.rb:39.633109328337014
spec/features/projects/projects_portfolio_spec.rb:23.38249675836414
spec/features/groups/group_show_spec.rb:0.373000499792397
spec/features/versions/create_spec.rb:1.006285141222179
spec/features/wiki/attachment_upload_spec.rb:18.100953818298876
spec/features/members/invitation_spec.rb:12.49484134465456
spec/features/work_packages/details/details_refreshing_spec.rb:2.760264097712934
spec/features/work_packages/table/queries/responsible_filter_spec.rb:10.662786411121488
spec/features/work_packages/display_fields/spent_time_display_spec.rb:30.90480598807335
spec/features/work_packages/details/relations/hierarchy_milestone_spec.rb:2.5647294437512755
spec/features/wysiwyg/macros/embedded_tables_spec.rb:14.983045005239546
spec/features/work_packages/reports_spec.rb:6.060982055962086
spec/features/wiki/child_pages_spec.rb:4.392100224271417
spec/features/placeholder_users/edit_placeholder_users_spec.rb:5.09676880389452
spec/features/work_packages/datepicker/datepicker_logic_spec.rb:190.1492680059746
spec/features/statuses/read_only_statuses_spec.rb:5.801464746706188
spec/features/wiki/restore_main_item_spec.rb:0.169113096781075
spec/features/work_packages/details/query_groups/relation_query_group_spec.rb:23.135368851944804

Randomized with seed 16866
