
Randomized with seed 22836
spec/requests/api/v3/notifications/bulk_read_ian_resource_spec.rb:0.8770331246778369
spec/lib/open_project/scm/adapters/git_adapter_spec.rb:2.253068655729294
spec/models/queries/members/filters/blocked_filter_spec.rb:0.055070179514586926
spec/requests/api/v3/status_resource_spec.rb:0.8232656624168158
spec/views/projects/settings/general/show.html.erb_spec.rb:0.06219661142677069
spec/workers/notifications/create_date_alerts_notifications_job/alertable_work_packages_spec.rb:2.556699405424297
spec/lib/api/v3/utilities/custom_field_injector_spec.rb:1.9562229746952653
spec/contracts/attachments/create_contract_integration_spec.rb:0.09237239137291908
spec/requests/api/v3/notifications/read_ian_resource_spec.rb:0.17906877771019936
spec/helpers/versions_helper_spec.rb:0.06612463667988777
spec/services/messages/create_service_spec.rb:0.11911445204168558
spec/controllers/work_packages/reports_controller_spec.rb:10.884698937647045
spec/migrations/restore_defaults_on_empty_settings_spec.rb:0.048476845026016235
spec/models/queries/projects/filters/created_at_filter_spec.rb:0.043495696038007736
spec/requests/api/v3/placeholder_users/index_resource_spec.rb:0.3668400663882494
spec/lib/api/v3/custom_actions/custom_action_representer_generation_spec.rb:0.054132734425365925
spec/contracts/work_packages/update_contract_spec.rb:3.619922903366387
spec/models/query/results_version_integration_spec.rb:0.9136324524879456
spec/models/notifications/scopes/unsent_reminders_before_spec.rb:0.7643966106697917
spec/lib/redmine/i18n_spec.rb:1.0191653491929173
spec/lib/api/v3/placeholder_users/placeholder_user_sql_representer_rendering_spec.rb:0.01930623408406973
spec/workers/attachments/cleanup_uncontainered_job_integration_spec.rb:0.590733258984983
spec/models/queries/work_packages/filter/assignee_or_group_filter_spec.rb:0.5926509974524379
spec/models/color_spec.rb:0.04276035446673632
spec/lib/api/v3/versions/schemas/version_schema_representer_spec.rb:1.6190647669136524
spec/requests/api/v3/attachments/work_packages_export_spec.rb:6.532972098328173
spec/lib/open_project/content_type_detector_spec.rb:0.018433788791298866
spec/lib/api/v3/capabilities/contexts/global_representer_rendering_spec.rb:0.02738955430686474
spec/models/queries/work_packages/filter/version_filter_spec.rb:0.10878093633800745
spec/models/category_spec.rb:0.32044312451034784
spec/models/queries/capabilities/filters/context_filter_spec.rb:0.05988390929996967
spec/models/queries/projects/orders/latest_activity_at_order_spec.rb:0.021765478886663914
spec/requests/api/v3/placeholder_users/delete_resource_spec.rb:0.5175763880833983
spec/contracts/work_packages/create_note_contract_spec.rb:0.04355646576732397
spec/requests/api/v3/relations/relations_index_spec.rb:0.7620500642806292
spec/services/authorization/user_allowed_service_spec.rb:0.28036061953753233
spec/lib/api/v3/placeholder_users/placeholder_user_representer_rendering_spec.rb:0.266968141309917
spec/requests/api/v3/views/show_resource_spec.rb:0.2317698523402214
spec/lib/api/v3/capabilities/capability_sql_representer_rendering_spec.rb:0.35004572849720716
spec/lib/open_project/text_formatting/markdown/images_spec.rb:0.3541519530117512
spec/lib/open_project/passwords_spec.rb:0.007063979282975197
spec/requests/api/v3/work_packages/show_resource_spec.rb:9.66184735391289
spec/contracts/oauth_clients/create_contract_spec.rb:0.22439095750451088
spec/models/notifications/scopes/visible_spec.rb:0.3131698649376631
spec/requests/api/v3/principals/principals_resource_spec.rb:4.84314645640552
spec/routing/categories_spec.rb:0.0145126236602664
spec/contracts/users/update_contract_spec.rb:0.27679331600666046
spec/controllers/enterprises_controller_spec.rb:1.2275548856705427
spec/helpers/users_helper_spec.rb:0.0880815302953124
spec/controllers/my_controller_spec.rb:0.8793312255293131
spec/models/custom_value/version_strategy_spec.rb:0.05098941270262003
spec/constants/settings/definition_spec.rb:0.18747457023710012
spec/helpers/sort_helper_spec.rb:0.03349289111793041
spec/models/queries/work_packages/filter/manual_sort_filter_spec.rb:0.264981746673584
spec/requests/auth/auth_source_sso_spec.rb:0.03442918602377176
spec/helpers/tabs_helper_spec.rb:0.004713376984000206
spec/models/projects/reorder_nested_set_spec.rb:0.39195122104138136
spec/seeders/source/filter_translatables_spec.rb:0.011578443460166454
spec/routing/versions_spec.rb:0.020655717700719833
spec/models/custom_value/bool_strategy_spec.rb:0.08661044389009476
spec/lib/open_project/text_formatting/plain_spec.rb:0.005333489738404751
spec/contracts/settings/update_contract_spec.rb:0.010568886063992977
spec/requests/api/v3/work_packages/create_form_resource_spec.rb:0.8745505074039102
spec/lib/open_project/access_control/permission_spec.rb:0.016715758480131626
spec/services/groups/cleanup_inherited_roles_service_integration_spec.rb:2.544710327871144
spec/lib/api/v3/queries/schemas/role_filter_dependency_representer_spec.rb:0.11154062487185001
spec/models/query/results_subject_filter_integration_spec.rb:0.4945932263508439
spec/services/work_packages/shared/working_days_spec.rb:0.49677223339676857
spec/models/wiki_spec.rb:2.2287323167547584
spec/controllers/colors_controller_spec.rb:0.42451837472617626
spec/components/activities/item_component_spec.rb:0.3522744523361325
spec/models/queries/projects/filters/type_filter_spec.rb:0.03937292005866766
spec/models/queries/work_packages/filter/done_ratio_filter_spec.rb:0.044664959423244
spec/contracts/projects/archive_contract_spec.rb:0.709737935103476
spec/contracts/views/update_contract_spec.rb:0.10550214722752571
spec/routing/custom_actions_spec.rb:0.017120868898928165
spec/contracts/custom_fields/create_contract_spec.rb:0.023137235082685947
spec/contracts/custom_fields/update_contract_spec.rb:0.01713665295392275
spec/lib/api/v3/queries/group_bys/query_group_by_representer_spec.rb:0.08151881210505962
spec/support_spec/schedule_helpers/chart_spec.rb:0.08894602861255407
spec/views/account/login.html.erb_spec.rb:0.03529266081750393
spec/services/oauth_clients/redirect_uri_from_state_service_spec.rb:0.019060256890952587
spec/models/comment_spec.rb:0.1317249946296215
spec/services/placeholder_users/update_service_spec.rb:0.044374884106218815
spec/helpers/removed_js_helpers_helper_spec.rb:0.007428043521940708
spec/services/authorization/user_allowed_query_spec.rb:1.2758455211296678
spec/workers/notifications/workflow_job_spec.rb:0.09449083637446165
spec/models/permitted_params_spec.rb:0.45635864324867725
spec/models/journal/timestamps_spec.rb:2.472560355439782
spec/requests/api/v3/views/index_resource_spec.rb:0.7728060130029917
spec/models/queries/users/user_query_spec.rb:0.06863048672676086
spec/models/custom_value/user_strategy_spec.rb:0.046303171664476395
spec/contracts/attachments/create_contract_spec.rb:0.1851678229868412
spec/models/announcement_spec.rb:0.08961374778300524
spec/controllers/wiki_menu_items_controller_spec.rb:2.259589101187885
spec/lib/api/v3/news/news_representer_rendering_spec.rb:0.6673669498413801
spec/lib/api/v3/users/user_sql_representer_rendering_spec.rb:0.25932047609239817
spec/services/services/create_service_spec.rb:0.11397591885179281
spec/models/queries/projects/filters/active_filter_spec.rb:0.015844752080738544
spec/lib/api/v3/queries/query_representer_rendering_spec.rb:3.754524785093963
spec/lib/api/v3/queries/schemas/group_filter_dependency_representer_spec.rb:0.4808893697336316
spec/lib/redmine/plugin_spec.rb:0.038601405918598175
spec/models/users/allowed_scope_spec.rb:1.5448061982169747
spec/routing/help_routing_spec.rb:0.00328955240547657
spec/models/work_package/work_package_status_spec.rb:0.18546178471297026
spec/models/query/default_query_spec.rb:0.0318611366674304
spec/models/queries/notifications/filters/reason_filter_spec.rb:0.06376071646809578
spec/lib/open_project/text_formatting/markdown/markdown_formatting_spec.rb:0.040163833647966385
spec/requests/api/v3/role_resource_spec.rb:0.8881541956216097
spec/models/members/roles_diff_spec.rb:0.2586094858124852
spec/views/repositories/stats.html.erb_spec.rb:0.11908108647912741
spec/requests/api/v3/activities_api_spec.rb:6.077814359217882
spec/lib/api/v3/values/schemas/property_schema_representer_rendering_spec.rb:0.08083189278841019
spec/services/users/delete_service_integration_spec.rb:0.03171497490257025
spec/models/wiki_page_spec.rb:4.106481995433569
spec/permissions/edit_own_messages_spec.rb:0.1731690689921379
spec/models/queries/work_packages/filter/subject_or_id_filter_spec.rb:0.24472698010504246
spec/requests/api/v3/work_packages/form/work_package_form_resource_spec.rb:54.123837012797594
spec/controllers/members_controller_spec.rb:1.2218936001881957
spec/views/common/validation_error.html.erb_spec.rb:0.009338750503957272
spec/models/projects/project_acts_as_journalized_spec.rb:1.447787999175489
spec/requests/api/v3/projects/create_form_resource_spec.rb:1.0008746748790145
spec/lib/open_project/text_formatting/markdown/lists_spec.rb:0.05929194111377001
spec/workers/mails/watcher_removed_job_spec.rb:0.18762066308408976
spec/models/queries/work_packages/filter/group_filter_spec.rb:0.07561425026506186
spec/models/queries/projects/filters/principal_filter_spec.rb:0.045666418969631195
spec/models/role_spec.rb:0.21400998625904322
spec/models/query/results_sort_intergration_spec.rb:3.3146554743871093

Randomized with seed 22836

Randomized with seed 12761
spec/models/queries/work_packages/columns/property_column_spec.rb:0.05294055491685867
spec/lib/api/v3/projects/copy/project_copy_schema_representer_spec.rb:0.29039573296904564
spec/models/query/results_cf_sorting_integration_spec.rb:0.5482673468068242
spec/models/queries/work_packages/filter/duration_filter_spec.rb:0.7430421626195312
spec/models/placeholder_users/placeholder_user_spec.rb:0.022718974389135838
spec/services/groups/create_inherited_roles_service_integration_spec.rb:0.8015598598867655
spec/models/type/attribute_groups_spec.rb:0.31927589047700167
spec/models/query/results_filter_on_historic_data_spec.rb:3.760579327121377
spec/models/queries/work_packages/filter/status_filter_spec.rb:0.07278976310044527
spec/models/design_color_spec.rb:0.0607149563729763
spec/lib/api/v3/queries/schemas/partof_filter_dependency_representer_spec.rb:0.577184934169054
spec/requests/api/v3/days/non_working_days_index_resource_spec.rb:0.5960838841274381
spec/permissions/add_messages_spec.rb:0.14633264113217592
spec/services/custom_fields/set_attributes_service_spec.rb:0.020488576963543892
spec/models/query/results_custom_field_filter_integration_spec.rb:0.5248486567288637
spec/requests/api/v3/queries/query_resource_spec.rb:14.138524106703699
spec/controllers/wiki_menu_authentication_spec.rb:0.30315754655748606
spec/requests/api/v3/projects/schemas/project_schema_resource_spec.rb:0.11140037048608065
spec/permissions/manage_forums_spec.rb:0.3848304897546768
spec/services/groups/update_service_spec.rb:0.22662834357470274
spec/models/deleted_user_spec.rb:0.16193184163421392
spec/services/settings/working_days_update_service_spec.rb:0.7103779539465904
spec/models/work_package/work_package_visibility_spec.rb:0.6192006012424827
spec/controllers/admin/settings/working_days_settings_controller_spec.rb:0.1862832261249423
spec/models/custom_actions/actions/due_date_spec.rb:0.0465167835354805
spec/lib/api/utilities/url_props_parsing_helper_spec.rb:0.0075676897540688515
spec/models/principals/scopes/possible_member_spec.rb:0.693507538177073
spec/mailers/smtp_settings_spec.rb:0.07094574440270662
spec/workers/journals/completed_job_spec.rb:0.06894737854599953
spec/models/work_package/work_package_custom_fields_spec.rb:3.008921964094043
spec/workers/work_packages/exports/export_job_integration_spec.rb:0.1984724560752511
spec/requests/api/v3/days/week_show_resource_spec.rb:0.16838238015770912
spec/lib/api/v3/work_packages/schema/specific_work_package_schema_spec.rb:0.43895768094807863
spec/models/custom_value/list_strategy_integration_spec.rb:0.11543555092066526
spec/lib/api/v3/views/view_representer_rendering_spec.rb:0.1876509990543127
spec/workers/extract_fulltext_job_spec.rb:0.8010152699425817
spec/requests/api/v3/render_resource_spec.rb:4.289865342900157
spec/lib/journal_formatter/active_status_spec.rb:0.018025731667876244
spec/requests/api/v3/versions/update_form_resource_spec.rb:2.200566160492599
spec/models/application_record_spec.rb:0.09044719394296408
spec/lib/api/v3/notifications/notification_representer_rendering_spec.rb:1.210564175620675
spec/lib/api/v3/values/property_date_representer_rendering_spec.rb:0.061648507602512836
spec/lib/api/v3/queries/schemas/user_filter_dependency_representer_spec.rb:0.40852350648492575
spec/models/week_day_spec.rb:0.0026557082310318947
spec/lib/tabular_form_builder_spec.rb:1.0643245996907353
spec/controllers/auth_sources_controller_spec.rb:0.7601468171924353
spec/policies/query_policy_spec.rb:1.1498150872066617
spec/lib/open_project/form_tag_helper_spec.rb:0.3617764301598072
spec/lib/api/v3/projects/copy/project_copy_payload_representer_spec.rb:0.047973413951694965
spec/lib/api/v3/principals/principal_sql_representer_rendering_spec.rb:0.12322080321609974
spec/contracts/roles/update_contract_spec.rb:0.043951552361249924
spec/models/work_package_custom_field_spec.rb:0.026241944171488285
spec/routing/errors_routing_spec.rb:0.008113784715533257
spec/models/notification_settings/scopes/applicable_spec.rb:0.28725200053304434
spec/permissions/delete_work_packages_spec.rb:0.16225023940205574
spec/requests/api/v3/repositories/revisions_by_work_package_resource_spec.rb:2.2374275168403983
spec/services/custom_actions/update_service_spec.rb:0.05300285294651985
spec/lib/api/v3/priorities/priority_collection_representer_spec.rb:0.04498068243265152
spec/models/relation_spec.rb:1.5152858588844538
spec/controllers/groups_controller_spec.rb:1.0196029050275683
spec/services/work_packages/delete_service_integration_spec.rb:0.7984564732760191
spec/requests/api/v3/projects/index_resource_spec.rb:3.6396088544279337
spec/services/work_packages/shared/all_days_spec.rb:0.1361589003354311
spec/seeders/setting_seeder_spec.rb:2.4445794532075524
spec/requests/api/v3/string_objects_resource_spec.rb:0.020579185336828232
spec/models/queries/work_packages/filter/dates_interval_filter_spec.rb:0.04106394574046135
spec/models/journal/notification_configuration_spec.rb:0.02104467060416937
spec/models/queries/work_packages/filter/assigned_to_filter_spec.rb:0.5649346821010113
spec/lib/api/v3/queries/schemas/includes_filter_dependency_representer_spec.rb:0.4436553046107292
spec/lib/open_project/text_formatting/markdown/embedded_table_macro_spec.rb:0.011330122128129005
spec/requests/api/v3/repositories/revisions_resource_spec.rb:1.056040707975626
spec/models/work_package/ask_before_destruction_spec.rb:4.717940220609307
spec/lib/api/v3/wiki_pages/wiki_page_representer_rendering_spec.rb:0.2951950812712312
spec/helpers/security_badge_helper_spec.rb:0.011046014726161957
spec/models/queries/work_packages/columns/relation_of_type_column_spec.rb:0.04484421480447054
spec/models/members/scopes/not_locked_spec.rb:0.14930139761418104
spec/lib/api/v3/activities/activity_eager_loading_wrapper_spec.rb:0.6950646983459592
spec/lib/api/v3/days/day_representer_spec.rb:0.1434240210801363
spec/seeders/demo_data/global_query_seeder_spec.rb:0.05033061467111111
spec/workers/mails/member_created_job_spec.rb:0.2008814699947834
spec/services/api/v3/update_query_from_v3_params_service_spec.rb:0.01731951255351305
spec/permissions/edit_messages_spec.rb:0.16025327146053314
spec/lib/api/v3/principals/principal_representer_factory_spec.rb:0.07784806005656719
spec/requests/api/v3/attachments/forum_message_spec.rb:8.407715647481382
spec/lib/api/v3/days/non_working_day_collection_representer_spec.rb:0.04317982029169798
spec/lib/journal_formatter/template_spec.rb:0.014990121126174927
spec/views/work_package/auto_complete/index_spec.rb:0.013922134414315224
spec/models/versions/scopes/order_by_semver_name_spec.rb:0.07229439541697502
spec/routing/journals_spec.rb:0.0056645916774868965
spec/lib/journal_formatter/day_count_spec.rb:0.009958242066204548
spec/services/scm/checkout_instructions_service_spec.rb:0.10294763930141926
spec/services/principals/replace_references_service_call_integration_spec.rb:2.0016219383105636
spec/contracts/roles/create_contract_spec.rb:0.03719987254589796
spec/services/user_preferences/update_service_spec.rb:0.06577105447649956
spec/requests/api/v3/work_packages/available_relation_candidates_resource_spec.rb:2.729017541743815
spec/models/queries/work_packages/filter/type_filter_spec.rb:0.08546405006200075
spec/requests/api/v3/rack_deflater_spec.rb:0.030408811755478382
spec/models/queries/users/filters/group_filter_spec.rb:0.07630727253854275
spec/helpers/journals_helper_spec.rb:0.017492298036813736
spec/lib/api/v3/work_packages/work_package_representer_spec.rb:23.057670013047755
spec/services/work_packages/update_ancestors_service_spec.rb:22.327604923397303
spec/models/work_package/work_package_relations_spec.rb:2.6658495170995593
spec/lib/api/v3/versions/version_representer_rendering_spec.rb:0.5534131396561861
spec/services/ldap/synchronize_users_service_integration_spec.rb:4.338405970484018
spec/controllers/admin/settings/authentication_controller_spec.rb:0.06317895743995905
spec/requests/api/v3/memberships/create_form_resource_spec.rb:1.39568395819515
spec/lib/api/v3/queries/sort_bys/query_sort_by_representer_spec.rb:0.12144587375223637
spec/services/authorization/user_project_roles_query_spec.rb:0.3675044775009155
spec/models/journable/timestamps_spec.rb:11.029169936664402
spec/seeders/demo_data/project_seeder_spec.rb:0.8911934401839972
spec/services/service_result_spec.rb:0.043855683878064156
spec/models/custom_actions/actions/estimated_hours_spec.rb:0.032563064247369766
spec/contracts/settings/working_days_params_contract_spec.rb:0.02088779117912054
spec/routing/enterprise_routing_spec.rb:0.005579162389039993
spec/models/attribute_help_text/work_package_spec.rb:1.4153948072344065
spec/lib/rubocop/cop/open_project/use_service_result_factory_methods_spec.rb:0.16000423673540354
spec/lib/open_project/file_command_content_type_detector_spec.rb:0.011060175485908985
spec/models/queries/members/filters/principal_filter_spec.rb:0.08022790867835283
spec/requests/api/v3/versions/schemas/version_schema_resource_spec.rb:0.3215092411264777
spec/models/principals/scopes/ordered_by_name_spec.rb:0.1725532617419958
spec/models/queries/roles/filters/unit_filter_spec.rb:0.061954583041369915
spec/workers/principals/delete_job_integration_spec.rb:7.342352535575628
spec/requests/api/v3/work_packages/available_projects_on_edit_api_spec.rb:1.3628348335623741
spec/models/group_spec.rb:0.40128797478973866
spec/lib/open_project/text_formatting/markdown/mentions_spec.rb:0.5843355730175972
spec/lib/api/v3/queries/schemas/precedes_filter_dependency_representer_spec.rb:0.46238203439861536
spec/views/layouts/admin.html.erb_spec.rb:0.14248128421604633
spec/workers/notifications/group_member_altered_job_spec.rb:0.047754885628819466
spec/models/custom_value_spec.rb:0.23602335061877966

Randomized with seed 12761

Randomized with seed 41437
spec/lib/open_project/text_formatting/markdown/pandoc_wrapper_spec.rb:0.030177985318005085
spec/models/queries/work_packages/filter/project_filter_instance_spec.rb:0.25755381025373936
spec/requests/api/v3/memberships/schemas/membership_schema_resource_spec.rb:0.8255456564947963
spec/models/queries/days/day_query_spec.rb:0.05497354827821255
spec/lib/acts_as_journalized/journal_formatter_cache_spec.rb:0.004525361582636833
spec/models/queries/capabilities/filters/action_filter_spec.rb:0.07033318933099508
spec/models/queries/work_packages/filter/watcher_filter_spec.rb:0.11495038866996765
spec/permissions/edit_wiki_pages_spec.rb:0.13242610730230808
spec/services/custom_actions/update_work_package_service_spec.rb:0.07516200374811888
spec/models/queries/projects/filters/latest_activity_at_filter_spec.rb:0.03681119717657566
spec/lib/journal_formatter/visibility_spec.rb:0.017168971709907055
spec/models/custom_value/string_strategy_spec.rb:0.014387287199497223
spec/requests/api/v3/groups/group_resource_spec.rb:7.323431810364127
spec/models/query/sort_criteria_spec.rb:0.09389135148376226
spec/models/versions/scopes/rolled_up_spec.rb:0.2954542376101017
spec/lib/api/v3/queries/schemas/integer_filter_dependency_representer_spec.rb:0.5553524224087596
spec/models/principals/scopes/like_spec.rb:0.056072565726935863
spec/models/custom_actions/actions/responsible_spec.rb:0.054250266402959824
spec/lib/open_project/scm/manager_spec.rb:0.004498856142163277
spec/models/queries/users/filters/any_name_attribute_filter_spec.rb:0.05483066011220217
spec/controllers/placeholder_users/memberships_controller_spec.rb:0.4593699472025037
spec/lib/api/v3/projects/project_sql_representer_rendering_spec.rb:1.282928911037743
spec/models/queries/work_packages/filter/author_filter_spec.rb:0.0812929030507803
spec/helpers/individual_principal_hooks_helper_spec.rb:0.026187703013420105
spec/models/query/results_sums_integration_spec.rb:2.739261833950877
spec/routing/project_routing_spec.rb:0.0256113950163126
spec/services/work_packages/schedule_dependency/dependency_spec.rb:1.32343068998307
spec/lib/api/v3/groups/group_representer_spec.rb:0.5756523767486215
spec/models/work_package_spec.rb:6.063065396621823
spec/mailers/user_mailer_spec.rb:3.405241304077208
spec/models/activities/fetcher_integration_spec.rb:3.0026095071807504
spec/models/custom_actions/actions/start_date_spec.rb:0.05494706705212593
spec/requests/api/v3/capability_resource_spec.rb:1.380201001651585
spec/lib/api/v3/work_packages/create_form_representer_spec.rb:1.0766613399609923
spec/requests/openid_google_provider_callback_spec.rb:0.04460166487842798
spec/requests/api/v3/work_packages/by_project_index_resource_spec.rb:4.534635282121599
spec/contracts/versions/update_contract_spec.rb:0.48805543035268784
spec/models/queries/views/filters/type_filter_spec.rb:0.19428636133670807
spec/services/update_query_from_params_service_spec.rb:0.14336702227592468
spec/requests/api/v3/membership_resources_spec.rb:9.86143015511334
spec/services/queries/update_from_params_service_spec.rb:0.10145234502851963
spec/contracts/authentication/omniauth_auth_hash_contract_spec.rb:0.03478720039129257
spec/routing/users_routing_spec.rb:0.037540582939982414
spec/controllers/concerns/auth_source_sso_spec.rb:0.655787467956543
spec/tasks/backup_spec.rb:1.1124841067939997
spec/models/projects/storage_spec.rb:3.1259331069886684
spec/models/custom_action_spec.rb:0.2243087813258171
spec/lib/database_spec.rb:0.010221502743661404
spec/requests/api/v3/activities_by_work_package_resource_spec.rb:1.1477232798933983
spec/models/queries/work_packages/filter/role_filter_spec.rb:0.08591753337532282
spec/services/api/parser_struct_spec.rb:0.016494465060532093
spec/requests/api/v3/configuration_resource_spec.rb:0.18814864195883274
spec/workers/notifications/create_date_alerts_notifications_job_spec.rb:1.0620741974562407
spec/requests/api/v3/placeholder_users/update_resource_spec.rb:0.19033104926347733
spec/lib/api/v3/posts/post_representer_rendering_spec.rb:0.3480366254225373
spec/lib/api/v3/memberships/membership_payload_representer_spec.rb:0.04289043880999088
spec/lib/api/v3/projects/project_representer_rendering_spec.rb:3.796071738936007
spec/controllers/concerns/omniauth_login_spec.rb:0.8899715505540371
spec/routing/news_spec.rb:0.029145660810172558
spec/lib/api/v3/categories/category_collection_representer_spec.rb:0.1150456378236413
spec/helpers/projects_helper_spec.rb:0.2643930297344923
spec/lib/api/v3/queries/schemas/required_filter_dependency_representer_spec.rb:0.4588652392849326
spec/permissions/view_work_packages_spec.rb:0.313898709602654
spec/models/queries/news/filters/project_filter_spec.rb:0.10557493381202221
spec/views/users/index.html.erb_spec.rb:0.1832637283951044
spec/lib/api/v3/memberships/schemas/membership_schema_representer_spec.rb:0.9596675708889961
spec/contracts/work_packages/create_contract_spec.rb:0.28209748584777117
spec/contracts/oauth_clients/delete_contract_spec.rb:0.08354440797120333
spec/lib/open_project/text_formatting/markdown/include_wiki_page_macro_spec.rb:0.026933136396110058
spec/models/queries/work_packages/filter/attachment_file_name_filter_spec.rb:0.0765537666156888
spec/lib/open_project/text_formatting/markdown/attribute_macros_spec.rb:0.03174538165330887
spec/services/messages/set_attributes_service_spec.rb:0.0333531079813838
spec/models/sessions/sql_bypass_sessions_spec.rb:0.03024486731737852
spec/requests/api/v3/notifications/details_resource_spec.rb:0.2844587480649352
spec/services/api/v3/work_package_collection_from_query_params_service_spec.rb:0.00863146036863327
spec/requests/api/v3/root_resource_spec.rb:0.29631068743765354
spec/controllers/homescreen_controller_spec.rb:1.73817203566432
spec/services/work_packages/set_attributes_service_spec.rb:25.302402310073376
spec/services/oauth_clients/create_service_spec.rb:0.11406200844794512
spec/services/projects/schedule_deletion_service_spec.rb:0.09874214325100183
spec/lib/api/v3/custom_options/custom_option_representer_spec.rb:0.038588386960327625
spec/controllers/projects/identifier_controller_spec.rb:0.24247881956398487
spec/views/admin/enterprises/_current.html.erb_spec.rb:0.12968973722308874
spec/seeders/root_seeder_standard_edition_spec.rb:20.566439654678106
spec/controllers/search_controller_spec.rb:3.452663755044341
spec/requests/api/v3/user/update_form_resource_spec.rb:0.42561990953981876
spec/lib/api/v3/queries/schemas/subproject_filter_dependency_representer_spec.rb:0.19739428535103798
spec/services/groups/update_roles_service_integration_spec.rb:5.193093676120043
spec/controllers/activities_controller_spec.rb:1.8783833775669336
spec/services/wiki_pages/copy_service_integration_spec.rb:1.4337305082008243
spec/permissions/work_packages_bulk_spec.rb:0.30192430689930916
spec/controllers/custom_actions_controller_spec.rb:0.4707362502813339
spec/services/custom_fields/create_service_spec.rb:0.10458839125931263
spec/controllers/roles_controller_spec.rb:0.46179015655070543
spec/models/work_package/work_package_scheduling_spec.rb:0.5181219894438982
spec/services/custom_fields/update_service_spec.rb:0.05809929873794317
spec/requests/auth/token_based_access_spec.rb:0.2612061630934477
spec/lib/open_project/text_formatting/markdown/code_spec.rb:0.06320364121347666
spec/requests/api/v3/queries/filters/query_filters_resource_spec.rb:1.2961396099999547
spec/helpers/hook_helper_spec.rb:0.02226498257368803
spec/controllers/enumerations_controller_spec.rb:0.9207089813426137
spec/views/wiki/new.html.erb_spec.rb:0.09981190599501133
spec/lib/api/v3/projects/project_payload_representer_parsing_spec.rb:0.06678045447915792
spec/models/work_packages/scopes/involving_user_spec.rb:0.49460672680288553
spec/routing/search_spec.rb:0.0023464877158403397
spec/models/attachment_spec.rb:1.6703463112935424
spec/lib/api/v3/work_packages/schema/work_package_sums_schema_spec.rb:0.0031175073236227036
spec/requests/api/v3/work_packages/delete_resource_spec.rb:2.224921462126076
spec/models/queries/users/filters/name_filter_spec.rb:0.04968710709363222
spec/models/work_packages/scopes/relatable_spec.rb:18.212531083263457
spec/lib/open_project/text_formatting/markdown/tables_spec.rb:0.04204505681991577
spec/helpers/custom_styles_helper_spec.rb:0.09652637597173452
spec/models/custom_actions/conditions/type_spec.rb:0.03047536499798298
spec/lib/api/v3/categories/category_representer_spec.rb:0.22378876525908709
spec/routing/members_spec.rb:0.013288614340126514
spec/requests/api/v3/user/schemas/user_schema_resource_spec.rb:0.06254934426397085
spec/lib/api/v3/repositories/revision_representer_spec.rb:0.4256466720253229
spec/routing/roles_spec.rb:0.02472195401787758
spec/requests/api/v3/queries/schemas/query_schema_resource_spec.rb:0.9163459138944745
spec/lib/open_project/omni_auth/authorization_spec.rb:0.033795190043747425
spec/models/issue_priority_spec.rb:0.8038876624777913
spec/lib/acts_as_watchable/lib/acts_as_watchable/routes_spec.rb:0.033290425315499306
spec/contracts/members/update_contract_spec.rb:0.13254398107528687
spec/requests/api/v3/types/types_by_project_resource_spec.rb:1.8762633763253689
spec/contracts/versions/create_contract_spec.rb:0.5519018918275833
spec/lib/journal_formatter/attachment_spec.rb:0.6067108036950231
spec/lib/redmine/menu_manager_spec.rb:0.02113236952573061
spec/models/custom_actions/actions/assigned_to_spec.rb:0.08479387778788805
spec/models/query/scopes/visible_spec.rb:0.5371231017634273

Randomized with seed 41437

Randomized with seed 49765
spec/models/queries/members/filters/updated_at_filter_spec.rb:0.07109539862722158
spec/services/users/login_service_spec.rb:0.018505009822547436
spec/lib/api/v3/memberships/membership_collection_representer_spec.rb:0.27188810240477324
spec/helpers/types_helper_spec.rb:0.0805027661845088
spec/requests/api/v3/projects/available_assignees_api_spec.rb:1.7930483473464847
spec/models/work_packages/scopes/for_scheduling_spec.rb:7.275198350660503
spec/requests/api/v3/user/userlock_resource_spec.rb:0.3625973928719759
spec/workers/work_packages/apply_working_days_change_job_spec.rb:14.205395602621138
spec/lib/open_project/authentication/strategies/warden/global_basic_auth_spec.rb:0.012162849307060242
spec/services/notifications/create_from_model_service_news_spec.rb:0.5010635340586305
spec/services/authorization/query_transformations_spec.rb:0.03756719548255205
spec/lib/api/v3/queries/filters/query_filter_instance_representer_spec.rb:0.35335632413625717
spec/requests/api/v3/user/user_resource_spec.rb:3.5265087941661477
spec/lib/open_project/mime_type_spec.rb:0.022969059646129608
spec/controllers/statuses_controller_spec.rb:1.004767875187099
spec/models/queries/work_packages/filter/created_at_filter_spec.rb:0.056431420147418976
spec/models/status_spec.rb:0.34869617130607367
spec/models/principals/scopes/user_spec.rb:0.04240266606211662
spec/lib/api/v3/projects/statuses/status_representer_rendering_spec.rb:0.03289672825485468
spec/lib/api/v3/users/user_representer_spec.rb:0.5513898972421885
spec/models/queries/members/members_query_integration_spec.rb:0.11354339495301247
spec/services/members/update_service_spec.rb:0.14276851620525122
spec/requests/api/v3/projects/update_form_resource_spec.rb:2.932680114172399
spec/models/timestamp_spec.rb:0.13916284311562777
spec/requests/api/v3/queries/queries_by_project_resource_spec.rb:2.368679728358984
spec/models/queries/work_packages/filter/follows_filter_spec.rb:0.7410406982526183
spec/controllers/work_packages_controller_spec.rb:1.0497161950916052
spec/models/custom_actions/actions/priority_spec.rb:0.0493235569447279
spec/controllers/oauth/applications_controller_spec.rb:0.12604896165430546
spec/requests/api/v3/help_texts/help_texts_resource_spec.rb:1.5416569113731384
spec/lib/custom_field_form_builder_spec.rb:0.40929965768009424
spec/lib/open_project/hook_spec.rb:0.08143696933984756
spec/lib/api/v3/notifications/notification_collection_representer_spec.rb:0.5752243734896183
spec/models/user_preference_spec.rb:0.1468847757205367
spec/lib/api/v3/work_packages/create_project_form_representer_spec.rb:2.0925433626398444
spec/models/work_packages/blocks_relation_spec.rb:0.3129377234727144
spec/lib/api/v3/queries/schemas/query_filter_instance_schema_representer_spec.rb:0.6252464344725013
spec/models/queries/users/filters/status_filter_spec.rb:0.0708330487832427
spec/lib/api/v3/help_texts/help_text_collection_representer_spec.rb:0.20208733808249235
spec/requests/api/v3/user/create_user_resource_spec.rb:1.1848410656675696
spec/requests/api/v3/attachments/work_package_spec.rb:16.432709278538823
spec/helpers/work_packages_filter_helper_spec.rb:0.4329270701855421
spec/models/queries/work_packages/filter/duplicates_filter_spec.rb:0.7785254893824458
spec/lib/api/v3/work_packages/work_package_payload_representer_spec.rb:5.169200920499861
spec/routing/admin/mail_notifications_spec.rb:0.005675651133060455
spec/models/work_package/work_package_custom_actions_spec.rb:0.5061412351205945
spec/helpers/toolbar_helper_spec.rb:0.017292043194174767
spec/lib/api/v3/users/user_collection_representer_spec.rb:0.3033545268699527
spec/services/groups/set_attributes_service_spec.rb:0.10648717358708382
spec/models/users/scopes/with_time_zone_spec.rb:0.13991006091237068
spec/models/queries/notifications/notification_query_spec.rb:0.21152719855308533
spec/contracts/queries/update_contract_spec.rb:0.08034876547753811
spec/models/queries/queries/filters/project_filter_spec.rb:0.0432075085118413
spec/services/members/cleanup_service_integration_spec.rb:0.5886541418731213
spec/services/messages/update_service_spec.rb:0.06983244512230158
spec/lib/open_project/text_formatting/markdown/paragraphs_spec.rb:0.008954985067248344
spec/services/ldap/import_user_list_service_integration_spec.rb:4.700288842432201
spec/lib/api/v3/types/type_representer_spec.rb:0.11869579460471869
spec/models/custom_actions/actions/type_spec.rb:0.030670372769236565
spec/lib/api/v3/queries/columns/query_relation_to_type_column_representer_spec.rb:0.12379600387066603
spec/lib/api/v3/days/week_day_representer_spec.rb:0.10101128555834293
spec/models/work_package/work_package_acts_as_watchable_spec.rb:1.470679665915668
spec/security/active_support_to_json_spec.rb:0.0028270045295357704
spec/requests/oauth/oauth_application_spec.rb:0.2884586052969098
spec/models/work_packages/derived_dates_spec.rb:3.7423638915643096
spec/routing/watchers_spec.rb:0.03624580055475235
spec/services/members/delete_service_spec.rb:0.1401309845969081
spec/models/queries/projects/filters/custom_field_filter_spec.rb:0.552670743316412
spec/lib/acts_as_journalized/journaled_spec.rb:0.09987099934369326
spec/models/queries/work_packages/filter/id_filter_spec.rb:0.3911962117999792
spec/lib/open_project/feature_decisions_spec.rb:0.017320996150374413
spec/controllers/oauth/grants_controller_spec.rb:0.05287368129938841
spec/requests/api/v3/work_packages/update_resource_spec.rb:28.260963496752083
spec/requests/api/v3/user_preferences/user_preferences_resource_spec.rb:0.7692983392626047
spec/views/admin/settings/authentication/show.html.erb_spec.rb:0.407634062692523
spec/models/notification_spec.rb:0.08955747168511152
spec/contracts/projects/enabled_modules_contract_spec.rb:0.026299817487597466
spec/routing/homescreen_spec.rb:0.0023458916693925858
spec/models/query/timestamps_spec.rb:0.2329821428284049
spec/models/custom_actions/actions/done_ratio_spec.rb:0.038718702271580696
spec/lib/open_project/files_spec.rb:0.021929575130343437
spec/lib/api/v3/queries/operators/query_operator_representer_spec.rb:0.025944532826542854
spec/services/notifications/create_service_intergration_spec.rb:0.23113965336233377
spec/services/attachments/prepare_upload_service_integration_spec.rb:0.283189132809639
spec/controllers/placeholder_users_controller_spec.rb:1.562696060165763
spec/requests/api/v3/queries/update_query_spec.rb:0.46087676007300615
spec/controllers/projects_controller_spec.rb:0.7163484189659357
spec/requests/api/v3/projects/available_responsibles_api_spec.rb:1.4750365410000086
spec/requests/api/v3/projects/create_resource_spec.rb:0.9474328141659498
spec/policies/redirect_policy_spec.rb:0.09461741987615824
spec/models/mail_handler/user_creator_spec.rb:0.11507984530180693
spec/models/custom_option_spec.rb:2.0625329492613673
spec/models/global_role_spec.rb:0.11686839442700148
spec/requests/api/v3/action_resource_spec.rb:0.4632937181740999
spec/lib/api/v3/queries/schemas/requires_filter_dependency_representer_spec.rb:0.4939071023836732
spec/models/work_package/openproject_notifications_spec.rb:0.3312165141105652
spec/lib/open_project/configuration_spec.rb:0.02600105945020914
spec/models/repository/subversion_spec.rb:4.130993973463774
spec/requests/api/v3/work_packages/available_projects_on_create_api_spec.rb:0.922444548457861
spec/lib/redmine/menu_manager/menu_item_spec.rb:0.015830213204026222
spec/lib/journal_formatter/attribute_spec.rb:0.009908771142363548
spec/workers/mails/watcher_added_job_spec.rb:0.1535150744020939
spec/contracts/queries/create_contract_spec.rb:0.03996655624359846
spec/components/activities/item_subtitle_component_spec.rb:0.06317227520048618
spec/lib/api/v3/queries/filters/query_filter_representer_spec.rb:0.06118281837552786
spec/lib/open_project/access_control_spec.rb:0.05155999679118395
spec/services/ldap/import_users_from_filter_service_integration_spec.rb:4.163938510231674
spec/models/token/base_token_spec.rb:0.05959544610232115
spec/helpers/work_packages_helper_spec.rb:0.6495725512504578
spec/models/custom_actions/actions/status_spec.rb:0.03725072089582682
spec/models/queries/queries/query_query_spec.rb:0.03156919125467539
spec/models/queries/capabilities/filters/id_filter_spec.rb:0.06596763711422682
spec/lib/open_project/notifications_spec.rb:0.009747874923050404
spec/services/placeholder_users/create_service_spec.rb:0.08067055605351925
spec/services/scm/delete_managed_repository_service_spec.rb:0.3186168922111392
spec/requests/api/v3/queries/schemas/query_filter_instance_schema_resource_spec.rb:3.560346112586558
spec/requests/api/v3/queries/create_form_api_spec.rb:12.539980475790799
spec/models/queries/projects/orders/required_disk_space_order_spec.rb:0.0399986831471324
spec/models/custom_actions/conditions/project_spec.rb:0.0325993075966835
spec/lib/api/v3/queries/schemas/boolean_filter_dependency_representer_spec.rb:0.20804097037762403
spec/lib/api/v3/projects/schemas/project_schema_representer_spec.rb:1.8554884670302272
spec/seeders/basic_data/type_seeder_spec.rb:0.11817638948559761
spec/routing/short_uri_wp_spec.rb:0.011621840298175812
spec/contracts/groups/update_contract_spec.rb:0.18578278459608555
spec/requests/api/v3/queries/sort_bys/query_sort_bys_resource_spec.rb:0.8395656123757362
spec/contracts/messages/create_contract_spec.rb:0.012336094863712788
spec/helpers/settings_helper_spec.rb:0.6067650783807039
spec/routing/groups_spec.rb:0.03213808033615351
spec/services/oauth_clients/delete_service_spec.rb:0.10643341857939959
spec/services/work_packages/update_service_integration_spec.rb:8.307081780396402
spec/lib/journal_formatter/ignore_non_working_days_spec.rb:0.005683829076588154

Randomized with seed 49765

Randomized with seed 36793

1st Try error in ./spec/helpers/frontend_asset_helper_spec.rb:49:
expected "<script src=\"/assets/frontend/vendor.21a7a28f3002c275.js\"></script><script src=\"/assets/frontend/polyfills.47da521c49d19775.js\"></script><script src=\"/assets/frontend/runtime.dd79dd2ee2f82d33.js\"></script><script src=\"/assets/frontend/main.be822df7c23d0829.js\"></script><link rel=\"stylesheet\" href=\"/assets/frontend/styles.d615a48316372101.css\" media=\"all\" />" to include "script src=\"/assets/frontend/main.js\""

RSpec::Retry: 2nd try ./spec/helpers/frontend_asset_helper_spec.rb:49

2nd Try error in ./spec/helpers/frontend_asset_helper_spec.rb:49:
expected "<script src=\"/assets/frontend/vendor.21a7a28f3002c275.js\"></script><script src=\"/assets/frontend/polyfills.47da521c49d19775.js\"></script><script src=\"/assets/frontend/runtime.dd79dd2ee2f82d33.js\"></script><script src=\"/assets/frontend/main.be822df7c23d0829.js\"></script><link rel=\"stylesheet\" href=\"/assets/frontend/styles.d615a48316372101.css\" media=\"all\" />" to include "script src=\"/assets/frontend/main.js\""
RSpec::Retry: 3rd try ./spec/helpers/frontend_asset_helper_spec.rb:49

1st Try error in ./spec/helpers/frontend_asset_helper_spec.rb:58:
expected "<script src=\"/openproject/assets/frontend/vendor.21a7a28f3002c275.js\"></script><script src=\"/openproject/assets/frontend/polyfills.47da521c49d19775.js\"></script><script src=\"/openproject/assets/frontend/runtime.dd79dd2ee2f82d33.js\"></script><script src=\"/openproject/assets/frontend/main.be822df7c23d0829.js\"></script><link rel=\"stylesheet\" href=\"/openproject/assets/frontend/styles.d615a48316372101.css\" media=\"all\" />" to include "script src=\"/openproject/assets/frontend/main.js\""

RSpec::Retry: 2nd try ./spec/helpers/frontend_asset_helper_spec.rb:58

2nd Try error in ./spec/helpers/frontend_asset_helper_spec.rb:58:
expected "<script src=\"/openproject/assets/frontend/vendor.21a7a28f3002c275.js\"></script><script src=\"/openproject/assets/frontend/polyfills.47da521c49d19775.js\"></script><script src=\"/openproject/assets/frontend/runtime.dd79dd2ee2f82d33.js\"></script><script src=\"/openproject/assets/frontend/main.be822df7c23d0829.js\"></script><link rel=\"stylesheet\" href=\"/openproject/assets/frontend/styles.d615a48316372101.css\" media=\"all\" />" to include "script src=\"/openproject/assets/frontend/main.js\""
RSpec::Retry: 3rd try ./spec/helpers/frontend_asset_helper_spec.rb:58

1st Try error in ./spec/helpers/frontend_asset_helper_spec.rb:68:
expected "<script src=\"/openproject/assets/frontend/vendor.21a7a28f3002c275.js\"></script><script src=\"/openproject/assets/frontend/polyfills.47da521c49d19775.js\"></script><script src=\"/openproject/assets/frontend/runtime.dd79dd2ee2f82d33.js\"></script><script src=\"/openproject/assets/frontend/main.be822df7c23d0829.js\"></script><link rel=\"stylesheet\" href=\"/openproject/assets/frontend/styles.d615a48316372101.css\" media=\"all\" />" to include "script src=\"/openproject/assets/frontend/main.js\""

RSpec::Retry: 2nd try ./spec/helpers/frontend_asset_helper_spec.rb:68

2nd Try error in ./spec/helpers/frontend_asset_helper_spec.rb:68:
expected "<script src=\"/openproject/assets/frontend/vendor.21a7a28f3002c275.js\"></script><script src=\"/openproject/assets/frontend/polyfills.47da521c49d19775.js\"></script><script src=\"/openproject/assets/frontend/runtime.dd79dd2ee2f82d33.js\"></script><script src=\"/openproject/assets/frontend/main.be822df7c23d0829.js\"></script><link rel=\"stylesheet\" href=\"/openproject/assets/frontend/styles.d615a48316372101.css\" media=\"all\" />" to include "script src=\"/openproject/assets/frontend/main.js\""
RSpec::Retry: 3rd try ./spec/helpers/frontend_asset_helper_spec.rb:68
spec/contracts/members/create_contract_spec.rb:0.36660037748515606
spec/services/user_preferences/update_service_integration_spec.rb:0.10645333025604486
spec/requests/api/v3/work_packages/create_resource_spec.rb:4.800452924333513
spec/models/workflow_spec.rb:0.6940574841573834
spec/permissions/manage_news_spec.rb:0.13515257742255926
spec/lib/api/v3/work_packages/eager_loading/custom_actions_integration_spec.rb:0.22879276145249605
spec/services/work_packages/delete_service_spec.rb:0.3180809114128351
spec/controllers/users/memberships_controller_spec.rb:0.10601049195975065
spec/requests/api/v3/posts_resource_spec.rb:0.4256732231006026
spec/models/sessions/active_record_sessions_spec.rb:0.0452799079939723
spec/models/queries/filters/base_spec.rb:0.06053272448480129
spec/requests/api/v3/attachments/wiki_page_spec.rb:15.564068560488522
spec/services/projects/copy_service_integration_spec.rb:13.301089401356876
spec/requests/api/v3/authentication_spec.rb:1.1737324530258775
spec/routing/my_spec.rb:0.016049327328801155
spec/lib/api/v3/days/day_collection_representer_spec.rb:0.08585196267813444
spec/services/update_projects_types_service_spec.rb:0.8933814028277993
spec/lib/deprecated_alias_spec.rb:0.0037824679166078568
spec/services/queries/update_service_spec.rb:0.05804894771426916
spec/requests/api/v3/queries/columns/query_columns_resource_spec.rb:0.6249805446714163
spec/models/queries/work_packages/filter/custom_fields/custom_field_filter_spec.rb:0.9275548988953233
spec/routing/admin/incoming_mails_spec.rb:0.003682897426187992
spec/models/queries/filters/available_filters_spec.rb:0.034105428494513035
spec/models/menu_items/wiki_menu_item_spec.rb:0.6599361225962639
spec/models/queries/members/filters/role_filter_spec.rb:0.0726590333506465
spec/seeders/source/seed_data_loader_spec.rb:0.12509605567902327
spec/models/queries/work_packages/filter/precedes_filter_spec.rb:0.7917311862111092
spec/lib/api/v3/users/unpaginated_user_collection_representer_spec.rb:0.150936764664948
spec/controllers/custom_fields_controller_spec.rb:0.10484890174120665
spec/services/notifications/mail_service_mentioned_integration_spec.rb:0.3998417388647795
spec/lib/api/v3/custom_actions/custom_action_execute_representer_parsing_spec.rb:0.015514283441007137
spec/lib/api/v3/utilities/date_time_formatter_spec.rb:0.08982102759182453
spec/services/scm/create_managed_repository_service_spec.rb:0.4848295394331217
spec/contracts/groups/create_contract_spec.rb:0.189541257917881
spec/models/user_password_spec.rb:0.15878444258123636
spec/requests/api/v3/backups/backups_api_spec.rb:0.49517453368753195
spec/routing/work_packages_spec.rb:0.02849200926721096
spec/models/work_packages/scopes/directly_related_spec.rb:0.9480189690366387
spec/controllers/admin/settings/projects_settings_controller_spec.rb:1.987893926911056
spec/controllers/categories_controller_spec.rb:3.4665212742984295
spec/requests/api/v3/projects/version_resource_spec.rb:1.005270229652524
spec/models/custom_value/int_strategy_spec.rb:0.024832983501255512
spec/requests/api/v3/watcher_resource_spec.rb:10.526982896961272
spec/lib/journal_formatter/wiki_diff_spec.rb:0.014245860278606415
spec/views/custom_styles/show.html.erb_spec.rb:0.0602275962010026
spec/models/queries/work_packages/filter/partof_filter_spec.rb:0.801822449080646
spec/lib/api/v3/values/schemas/value_schema_factory_spec.rb:0.03784445393830538
spec/services/set_localization_service_spec.rb:0.044601219706237316
spec/lib/api/v3/days/non_working_day_representer_spec.rb:0.0658802529796958
spec/lib/representable_spec.rb:0.00837631244212389
spec/models/queries/work_packages/filter/estimated_hours_filter_spec.rb:0.35152958799153566
spec/routing/wiki_routing_spec.rb:0.06787103414535522
spec/lib/api/v3/queries/schemas/query_schema_representer_spec.rb:29.90583168156445
spec/models/enabled_module_spec.rb:0.29998590517789125
spec/requests/api/v3/queries/operators/query_operators_resource_spec.rb:0.6673347372561693
spec/lib/api/v3/relations/relation_collection_representer_spec.rb:0.13457769807428122
spec/lib/api/v3/projects/project_sql_collection_representer_rendering_spec.rb:0.24782258365303278
spec/validator/secure_context_uri_validator_spec.rb:0.06055983901023865
spec/helpers/text_formatting_helper_spec.rb:0.07576475758105516
spec/requests/api/v3/cors_header_spec.rb:0.04636982548981905
spec/services/users/delete_service_spec.rb:0.0679843844845891
spec/models/custom_value/float_strategy_spec.rb:0.017001858912408352
spec/requests/api/v3/user/filters_spec.rb:0.4635678306221962
spec/models/custom_actions/actions/custom_field_spec.rb:0.6483287708833814
spec/permissions/manage_repositories_spec.rb:0.1622983729466796
spec/mailers/digest_mailer_spec.rb:1.938262333162129
spec/helpers/no_results_helper_spec.rb:0.02178721036761999
spec/models/queries/projects/filters/visible_filter_spec.rb:0.060692423954606056
spec/models/enterprise_token_spec.rb:0.06927849352359772
spec/requests/api/v3/days/week_spec.rb:0.041354017332196236
spec/lib/api/v3/queries/schemas/parent_filter_dependency_representer_spec.rb:0.3735256800428033
spec/contracts/user_preferences/params_contract_spec.rb:0.06462758872658014
spec/requests/api/v3/projects/copy/copy_resource_spec.rb:0.8055199300870299
spec/services/projects/update_service_integration_spec.rb:0.38760627899318933
spec/requests/oauth_clients/oauth_client_credentials_spec.rb:0.36874502431601286
spec/routing/messages_spec.rb:0.023733670823276043
spec/requests/api/v3/projects/available_parents_resource_spec.rb:2.619665470905602
spec/models/principals/scopes/not_builtin_spec.rb:0.0469023734331131
spec/models/users/allowed_to_spec.rb:4.466946887783706
spec/models/work_package/work_package_acts_as_journalized_spec.rb:7.58621078543365
spec/models/queries/work_packages/filter/relates_filter_spec.rb:0.7760919881984591
spec/lib/api/v3/queries/schemas/id_filter_dependency_representer_spec.rb:0.45420379284769297
spec/workers/application_job_spec.rb:0.02191471215337515
spec/requests/api/v3/projects/show_resource_spec.rb:3.6536017237231135
spec/models/queries/work_packages/filter/requires_filter_spec.rb:0.7288220636546612
spec/models/queries/roles/filters/grantable_filter_spec.rb:0.051717305555939674
spec/requests/api/v3/notifications/bulk_unread_ian_resource_spec.rb:0.20990634337067604
spec/services/projects/set_attributes_service_integration_spec.rb:0.22815079800784588
spec/services/update_type_service_spec.rb:1.3743523973971605
spec/models/queries/work_packages/columns/custom_field_column_spec.rb:0.09654157795011997
spec/mailers/work_package_mailer_spec.rb:0.3118924032896757
spec/services/work_packages/update_service_spec.rb:0.08196964766830206
spec/requests/api/v3/notifications/show_resource_spec.rb:0.42144135013222694
spec/routing/status_routing_spec.rb:0.016908898949623108
spec/workers/copy_project_job_spec.rb:1.7813870524987578
spec/models/queries/relations/filters/from_filter_spec.rb:0.050093384459614754
spec/models/queries/relations/filters/involved_filter_spec.rb:0.053658691234886646
spec/controllers/ldap_auth_sources_controller_spec.rb:0.10626186151057482
spec/lib/api/v3/queries/schemas/custom_option_filter_dependency_representer_spec.rb:0.4154402697458863
spec/services/notifications/create_from_model_service_comment_spec.rb:0.7123934803530574
spec/models/queries/relations/relation_query_spec.rb:0.057573456317186356
spec/lib/api/v3/queries/schemas/follows_filter_dependency_representer_spec.rb:0.6217246325686574
spec/requests/api/v3/custom_actions/custom_actions_api_spec.rb:3.6728398744016886
spec/lib/core_extensions/squish_sql_spec.rb:0.0023106755688786507
spec/models/custom_value/format_strategy_spec.rb:0.010435066185891628
spec/models/journable/with_historic_attributes_spec.rb:1.0486591383814812
spec/models/queries/capabilities/capability_query_spec.rb:0.03546370752155781
spec/helpers/application_helper_spec.rb:3.093928338959813
spec/seeders/demo_data/group_seeder_spec.rb:0.01898777112364769
spec/services/notifications/create_service_spec.rb:0.1332862824201584
spec/services/notifications/create_from_model_service_message_spec.rb:2.197776634246111
spec/lib/api/decorators/formattable_spec.rb:0.06375994719564915
spec/lib/api/v3/work_packages/schema/typed_work_package_schema_spec.rb:0.12827690970152617
spec/routing/workflows_spec.rb:0.0092672323808074
spec/services/members/create_service_spec.rb:0.2373472899198532
spec/services/projects/gantt_query_generator_service_spec.rb:0.04239724949002266
spec/helpers/angular_helper_spec.rb:0.007152911275625229
spec/models/work_packages/spent_time_spec.rb:2.912220428697765
spec/lib/core_extensions/to_localized_slug_spec.rb:0.015304980799555779
spec/lib/api/v3/attachments/attachment_metadata_representer_spec.rb:0.016498632729053497
spec/models/custom_actions/actions/date_spec.rb:0.037383489310741425
spec/models/messages/acts_as_journalized_spec.rb:0.1961873546242714
spec/models/repository/git_spec.rb:9.451942731626332
spec/controllers/attribute_help_texts_controller_spec.rb:0.14079231955111027
spec/controllers/types_controller_spec.rb:4.569127113558352
spec/lib/api/v3/user_preferences/user_preference_representer_rendering_spec.rb:0.21679816488176584
spec/requests/api/v3/attachments_spec.rb:2.902059532701969
spec/requests/oauth_clients/callback_flow_spec.rb:0.30096836667507887
spec/models/activities/work_package_activity_provider_spec.rb:1.1284335423260927
spec/helpers/frontend_asset_helper_spec.rb:0.06058257073163986
spec/lib/journal_formatter/schedule_manually_spec.rb:0.003770730458199978

Randomized with seed 36793

Randomized with seed 12714
spec/models/non_working_day_spec.rb:0.035440122708678246
spec/routing/attachments_spec.rb:0.02226948458701372
spec/models/queries/days/filters/dates_interval_filter_spec.rb:0.07333941757678986
spec/models/actions/scopes/default_spec.rb:0.006926879286766052
spec/models/queries/members/filters/name_filter_spec.rb:0.04451736155897379
spec/lib/api/v3/queries/schemas/priority_filter_dependency_representer_spec.rb:0.2772254031151533
spec/services/api/v3/parse_query_params_service_spec.rb:0.13284393027424812
spec/models/news_spec.rb:2.571229719556868
spec/requests/api/v3/wiki_pages_resource_spec.rb:0.9622852290049195
spec/requests/api/v3/news_resource_spec.rb:0.9500878397375345
spec/lib/i18n/pluralization_spec.rb:0.05072787590324879
spec/models/queries/projects/filters/name_filter_spec.rb:0.025158113799989223
spec/models/work_packages/search_spec.rb:0.25168992951512337
spec/models/queries/placeholder_users/placeholder_user_query_spec.rb:0.04075183719396591
spec/controllers/account_controller_spec.rb:2.6940516903996468
spec/routing/work_package/reports_routing_spec.rb:0.004866364412009716
spec/lib/api/v3/user_preferences/notification_setting_representer_rendering_spec.rb:0.3058596020564437
spec/services/oauth_clients/set_attributes_service_spec.rb:0.030159620568156242
spec/services/users/replace_mentions_service_integration_spec.rb:11.936478993855417
spec/services/work_packages/set_schedule_service_working_days_spec.rb:4.363350609317422
spec/models/queries/work_packages/filter/description_filter_spec.rb:0.07322885934263468
spec/models/queries/projects/filters/project_status_filter_spec.rb:0.03663496673107147
spec/contracts/projects/delete_contract_spec.rb:0.020034468732774258
spec/services/wiki_pages/set_attributes_service_spec.rb:0.037930991500616074
spec/decorators/single_spec.rb:0.21839301940053701
spec/services/placeholder_users/set_attributes_service_spec.rb:0.03943962138146162
spec/lib/api/v3/utilities/resource_link_generator_spec.rb:0.04769174475222826
spec/lib/open_project/text_formatting/markdown/blockquote_spec.rb:0.031802525743842125
spec/models/custom_style_spec.rb:0.08570972830057144
spec/models/queries/work_packages/filter/project_filter_spec.rb:0.20150394458323717
spec/services/authentication/omniauth_service_spec.rb:0.31484793685376644
spec/lib/api/v3/queries/schemas/project_filter_dependency_representer_spec.rb:0.18424315471202135
spec/permissions/export_work_packages_spec.rb:0.3982205968350172
spec/support_spec/schedule_helpers/chart_builder_spec.rb:0.050195954740047455
spec/contracts/messages/update_contract_spec.rb:0.02743653766810894
spec/lib/api/v3/queries/schemas/all_principals_filter_dependency_representer_spec.rb:0.6319072982296348
spec/models/queries/work_packages/filter/parent_filter_spec.rb:0.44372810423374176
spec/models/token/hashed_token_spec.rb:0.04413906950503588
spec/controllers/versions_controller_spec.rb:6.787736972793937
spec/routing/news_comments_spec.rb:0.008111185394227505
spec/lib/api/v3/work_packages/eager_loading/project_integration_spec.rb:0.3277224591001868
spec/seeders/admin_user_seeder_spec.rb:0.10689707286655903
spec/models/principals/scopes/human_spec.rb:0.04427876137197018
spec/models/custom_actions/actions/notify_spec.rb:0.07539332937449217
spec/services/settings/update_service_spec.rb:0.04870695807039738
spec/services/projects/archive_service_spec.rb:1.8346166955307126
spec/lib/open_project/static_routing_spec.rb:0.006433186121284962
spec/services/add_work_package_note_service_spec.rb:0.09122061263769865
spec/controllers/workflows_controller_spec.rb:0.7713641300797462
spec/requests/api/v3/capabilities/contexts/global_resource_spec.rb:0.0544478977099061
spec/models/project_spec.rb:3.7852959586307406
spec/lib/open_project/text_formatting/markdown/work_package_buttons_macro_spec.rb:0.45192889124155045
spec/workers/mails/reminder_job_spec.rb:0.08429168816655874
spec/lib/open_project/storage_spec.rb:0.019728805869817734
spec/models/users/default_timezone_spec.rb:0.03536732494831085
spec/lib/api/v3/queries/schemas/relates_filter_dependency_representer_spec.rb:0.45044913049787283
spec/models/queries/work_packages/filter/responsible_filter_spec.rb:1.0858841743320227
spec/services/work_packages/copy_service_integration_spec.rb:9.10817333124578
spec/lib/api/v3/actions/action_sql_respresenter_rendering_spec.rb:0.021111054345965385
spec/models/relations/scopes/visible_spec.rb:0.7214684067294002
spec/controllers/concerns/auth_source_slo_spec.rb:0.059184230864048004
spec/models/setting_spec.rb:0.4046203698962927
spec/lib/api/v3/priorities/priority_representer_spec.rb:0.13713566213846207
spec/requests/api/v3/projects/update_resource_spec.rb:5.225847744382918
spec/controllers/custom_styles_controller_spec.rb:0.5604888703674078
spec/routing/forums_routing_spec.rb:0.025593748316168785
spec/lib/api/v3/queries/schemas/float_filter_dependency_representer_spec.rb:0.5828265203163028
spec/services/projects/create_service_spec.rb:0.1477906173095107
spec/models/queries/work_packages/filter/blocks_filter_spec.rb:0.7629656521603465
spec/models/changeset_spec.rb:3.994254322722554
spec/models/queries/projects/filters/parent_filter_spec.rb:0.09028413984924555
spec/lib/api/v3/root_representer_spec.rb:0.20711482409387827
spec/models/queries/work_packages/filter/duplicated_filter_spec.rb:0.8040140476077795
spec/requests/api/v3/queries/schemas/query_project_schema_resource_spec.rb:0.8928596740588546
spec/models/queries/principals/principal_query_integrations_spec.rb:0.2942405780777335
spec/models/queries/notifications/filters/id_filter_spec.rb:0.025710131973028183
spec/helpers/search_helper_spec.rb:0.8673352487385273
spec/requests/api/v3/placeholder_users/create_resource_spec.rb:0.264726797118783
spec/workers/scm/create_local_repository_job_spec.rb:0.09343863371759653
spec/lib/open_project/plugins/module_handler_spec.rb:0.003285660408437252
spec/services/notifications/create_from_model_service_wiki_spec.rb:1.7407316910102963
spec/models/queries/work_packages/filter/due_date_filter_spec.rb:0.054211871698498726
spec/support_spec/schedule_helpers/let_schedule_spec.rb:0.2915086168795824
spec/requests/api/v3/locale_spec.rb:0.26604575850069523
spec/services/users/update_service_spec.rb:0.3450003992766142
spec/lib/open_project/logging/log_extender_spec.rb:0.017077586613595486
spec/models/user_spec.rb:2.5503560015931726
spec/requests/api/v3/versions/create_form_resource_spec.rb:1.3719851598143578
spec/lib/api/decorators/link_object_spec.rb:0.02873524557799101
spec/models/query/results_project_filter_integration_spec.rb:0.7148676058277488
spec/lib/api/v3/work_packages/work_package_collection_representer_spec.rb:51.299666301347315
spec/models/version_spec.rb:6.646817550994456
spec/services/api/v3/work_package_collection_from_query_service_spec.rb:0.5555195482447743
spec/services/attachments/create_service_integration_spec.rb:1.154996508732438
spec/lib/api/v3/work_packages/work_package_sql_representer_rendering_spec.rb:0.9921765616163611
spec/models/journal_spec.rb:0.24497310910373926
spec/services/authorization/query_transformation_spec.rb:0.00736559834331274
spec/routing/old_issue_2_wp_spec.rb:0.00911517534404993
spec/models/wiki_redirect_spec.rb:1.0305944168940187
spec/requests/api/v3/days/non_working_days_show_resource_spec.rb:0.16014987789094448
spec/contracts/projects/update_contract_spec.rb:0.4480151552706957
spec/models/queries/members/filters/created_at_filter_spec.rb:0.021700704470276833
spec/requests/api/v3/memberships/update_form_resource_spec.rb:2.9489844236522913
spec/models/queries/relations/filters/to_filter_spec.rb:0.05125921964645386
spec/contracts/users/create_contract_spec.rb:0.21805463638156652
spec/models/queries/work_packages/filter/subproject_filter_spec.rb:0.14022517949342728
spec/models/custom_value/list_strategy_spec.rb:0.14764813426882029
spec/lib/api/v3/relations/relation_representer_spec.rb:0.03540114779025316
spec/requests/api/v3/projects/copy/copy_form_resource_spec.rb:1.292255837470293
spec/policies/work_package_policy_spec.rb:0.10068335570394993
spec/models/principals/scopes/possible_assignee_spec.rb:0.9354307353496552
spec/workers/attachments/finish_direct_upload_job_integration_spec.rb:1.376792410388589
spec/contracts/wiki_pages/create_contract_spec.rb:0.12078272551298141
spec/mailers/announcement_mailer_spec.rb:0.09330632537603378
spec/seeders/source/seed_data_spec.rb:0.007262112572789192
spec/routing/admin_spec.rb:0.014554884284734726
spec/services/attachments/delete_service_integration_spec.rb:3.1451383335515857
spec/models/queries/work_packages/columns/relation_to_type_column_spec.rb:0.06080777384340763
spec/requests/api/v3/priority_resource_spec.rb:0.5799091467633843
spec/models/queries/work_packages/filter/required_filter_spec.rb:0.7828426947817206
spec/lib/open_project/enterprise_spec.rb:0.24757032562047243
spec/services/create_type_service_spec.rb:1.2211130494251847
spec/services/work_packages/update_ancestors/loader_spec.rb:1.9187680976465344
spec/routing/project_settings_routing_spec.rb:0.025676943361759186
spec/requests/api/v3/work_packages/create_project_form_resource_spec.rb:0.3788432404398918
spec/services/users/set_attributes_service_integration_spec.rb:0.0770586533471942
spec/controllers/wiki_controller_spec.rb:8.416850471869111
spec/models/work_package/hooks_spec.rb:0.14811670873314142
spec/workers/ldap/synchronization_job_spec.rb:0.008978324942290783

Randomized with seed 12714

Randomized with seed 39919
spec/services/users/set_attributes_service_spec.rb:0.12034001667052507
spec/lib/api/v3/work_packages/eager_loading/custom_value_integration_spec.rb:1.2146819718182087
spec/services/oauth_clients/connection_manager_spec.rb:4.499787958338857
spec/lib/api/v3/versions/version_collection_representer_spec.rb:0.4118119813501835
spec/controllers/concerns/user_invitation_spec.rb:0.07597767189145088
spec/routing/attribute_help_text_spec.rb:0.004178167320787907
spec/models/group_performance_spec.rb:3.148408097214997
spec/models/queries/projects/filters/public_filter_spec.rb:0.01809530332684517
spec/lib/api/utilities/property_name_converter_spec.rb:0.11103237140923738
spec/lib/api/v3/queries/schemas/date_time_filter_dependency_representer_spec.rb:0.7111741909757257
spec/lib/api/v3/queries/schemas/duplicated_filter_dependency_representer_spec.rb:0.4239318100735545
spec/models/users/scopes/find_by_login_spec.rb:0.23610131163150072
spec/services/work_packages/set_schedule_service_spec.rb:10.952063770964742
spec/routing/enumerations_spec.rb:0.022139732725918293
spec/models/work_packages/scopes/covering_dates_and_days_of_week_spec.rb:2.0853555519133806
spec/models/work_package/aggregate_ancestors_spec.rb:1.5002618068829179
spec/controllers/sys_controller_spec.rb:5.755113289691508
spec/models/custom_actions/actions/project_spec.rb:0.049895673990249634
spec/routing/activities_spec.rb:0.01113432552665472
spec/workers/non_existing_job_class_spec.rb:0.013216259889304638
spec/lib/acts_as_list/acts_as_list_patch_spec.rb:0.009194919839501381
spec/contracts/custom_actions/cu_contract_spec.rb:0.07512733153998852
spec/requests/api/v3/types/type_resource_spec.rb:1.3599908221513033
spec/services/notifications/set_attributes_service_spec.rb:0.03596252668648958
spec/models/queries/projects/filters/user_action_filter_spec.rb:0.027512160129845142
spec/services/shared/service_context_integration_spec.rb:0.05212958622723818
spec/models/projects/allowed_to_scope_spec.rb:2.708745892159641
spec/models/projects/activity_spec.rb:0.8769530188292265
spec/controllers/announcements_controller_spec.rb:0.06035618018358946
spec/lib/api/v3/user_preferences/user_preference_representer_parsing_spec.rb:0.019213872030377388
spec/models/type_spec.rb:0.17191554326564074
spec/controllers/messages_controller_spec.rb:1.1938052270561457
spec/models/custom_field_spec.rb:0.31342265382409096
spec/models/custom_actions/conditions/status_spec.rb:0.03311020974069834
spec/lib/redmine/unified_diff_spec.rb:0.1089519839733839
spec/seeders/demo_data/work_package_seeder_spec.rb:3.340828275308013
spec/lib/api/v3/utilities/path_helper_spec.rb:1.6244645863771439
spec/controllers/application_controller_spec.rb:0.23993878159672022
spec/controllers/admin_controller_spec.rb:0.49612484592944384
spec/models/queries/non_working_days/filters/dates_interval_filter_spec.rb:0.05868811625987291
spec/tasks/setting_spec.rb:1.1917314743623137
spec/services/groups/add_users_service_integration_spec.rb:2.285200913436711
spec/services/workflows/bulk_update_service_integration_spec.rb:0.1017039492726326
spec/services/parse_schema_filter_params_service_spec.rb:0.08823384530842304
spec/models/journal/project_journal_spec.rb:0.12887445371598005
spec/models/query_spec.rb:1.3706774031743407
spec/lib/open_project/text_formatting/markdown/user_provided_links_spec.rb:0.04526796285063028
spec/lib/api/v3/queries/schemas/duplicates_filter_dependency_representer_spec.rb:0.4645968861877918
spec/routing/settings_spec.rb:0.006321658380329609
spec/lib/api/v3/queries/schemas/blocks_filter_dependency_representer_spec.rb:0.4578750776126981
spec/models/queries/work_packages/filter/custom_fields/contains_text_custom_field_filter_spec.rb:0.4005305338650942
spec/contracts/projects/create_contract_spec.rb:0.2368401736021042
spec/requests/api/v3/memberships/available_projects_resource_spec.rb:0.6048712022602558
spec/lib/api/v3/queries/columns/query_property_column_representer_spec.rb:0.11018803436309099
spec/lib/api/v3/principals/principal_type_spec.rb:0.03515541460365057
spec/services/users/change_password_service_spec.rb:0.0716896103695035
spec/lib/redmine/menu_manager/mapper_spec.rb:0.028329068794846535
spec/lib/open_project/plugins/acts_as_op_engine_spec.rb:0.011467667296528816
spec/lib/api/v3/work_packages/schema/work_package_sums_schema_representer_spec.rb:0.5552366124466062
spec/views/layouts/base.html.erb_spec.rb:0.7420265153050423
spec/helpers/pagination_helper_spec.rb:0.20779601205140352
spec/models/day_spec.rb:0.17450344190001488
spec/lib/api/v3/queries/schemas/version_filter_dependency_representer_spec.rb:0.4437625529244542
spec/models/queries/work_packages/filter/comment_filter_spec.rb:0.06701742578297853
spec/contracts/notifications/create_contract_spec.rb:0.07447125669568777
spec/routing/types_spec.rb:0.0035658134147524834
spec/models/projects/exporter/csv_integration_spec.rb:0.4971149740740657
spec/models/queries/work_packages/filter/priority_filter_spec.rb:0.0668766563758254
spec/models/types/scopes/milestone_spec.rb:0.013967505656182766
spec/contracts/projects/unarchive_contract_spec.rb:0.01982823107391596
spec/models/queries/queries/filters/updated_at_filter_spec.rb:0.06430619023740292
spec/lib/rubocop/cop/open_project/no_do_end_block_with_rspec_capybara_matcher_in_expect_spec.rb:0.12051642965525389
spec/lib/api/v3/statuses/status_representer_spec.rb:0.2185073671862483
spec/models/queries/work_packages/filter/principal_loader_spec.rb:0.0619952529668808
spec/requests/oauth/client_credentials_flow_spec.rb:0.1318095689639449
spec/lib/api/v3/statuses/status_collection_representer_spec.rb:0.07057394552975893
spec/lib/api/v3/work_packages/work_package_at_timestamp_representer_rendering_spec.rb:0.1472969325259328
spec/controllers/forums_controller_spec.rb:1.753442949615419
spec/lib/api/v3/work_packages/eager_loading/cache_checksum_integration_spec.rb:3.808359161950648
spec/models/mail_handler_spec.rb:21.292927936650813
spec/models/queries/capabilities/filters/principal_id_filter_spec.rb:0.027758659794926643
spec/models/queries/members/filters/project_filter_spec.rb:0.043671888299286366
spec/controllers/journals_controller_spec.rb:0.4921515826135874
spec/workers/work_packages/exports/export_job_spec.rb:0.14283554255962372
spec/models/users/scopes/having_reminder_mail_to_send_spec.rb:4.817012934014201
spec/lib/open_project/scm/adapters/subversion_adapter_spec.rb:0.4228970864787698
spec/models/capabilities/scopes/default_spec.rb:1.111094401217997
spec/seeders/seeder_spec.rb:0.01889681350439787
spec/requests/api/v3/work_packages/index_resource_spec.rb:25.513410569168627
spec/services/projects/set_attributes_service_spec.rb:0.30859766714274883
spec/models/work_package/exporter/csv_integration_spec.rb:0.13151291199028492
spec/lib/api/v3/groups/group_sql_representer_rendering_spec.rb:0.019977753050625324
spec/models/users/scopes/newest_spec.rb:0.06510513555258512
spec/models/messages_spec.rb:2.9732988569885492
spec/requests/api/v3/versions/project_resource_spec.rb:1.239905289374292
spec/lib/api/v3/help_texts/help_text_representer_spec.rb:0.029846184886991978
spec/lib/open_project/text_formatting/markdown/toc_macro_spec.rb:0.12562708090990782
spec/models/journable/historic_active_record_relation_spec.rb:9.308168121613562
spec/requests/api/v3/values/schemas/value_schema_resource_spec.rb:0.16690268833190203
spec/models/queries/projects/project_query_spec.rb:0.04421914275735617
spec/contracts/user_preferences/update_contract_spec.rb:0.2704232558608055
spec/lib/api/v3/work_packages/update_form_representer_spec.rb:1.1563443755730987
spec/views/account/register.html.erb_spec.rb:0.18424351327121258
spec/routing/account_spec.rb:0.011502165347337723
spec/controllers/work_packages/bulk_controller_spec.rb:15.278948646970093
spec/lib/api/v3/queries/schemas/type_filter_dependency_representer_spec.rb:0.9393543777987361
spec/services/projects/delete_service_spec.rb:1.142936539836228
spec/requests/api/v3/relations_resource_spec.rb:1.174660861492157
spec/contracts/attribute_help_texts/base_contract_spec.rb:0.03722013998776674
spec/models/work_package/work_package_acts_as_searchable_spec.rb:0.26505118422210217
spec/lib/open_project/text_formatting/markdown/headings_spec.rb:0.17964658793061972
spec/lib/api/v3/activities/activity_representer_rendering_spec.rb:0.6710014035925269
spec/lib/api/v3/days/week_day_collection_representer_spec.rb:0.07417454198002815
spec/models/oauth_client_token_spec.rb:0.2870966587215662
spec/migrations/migrate_team_planner_permissions_spec.rb:0.44178666081279516
spec/controllers/news/comments_controller_spec.rb:0.3403716282919049
spec/requests/api/v3/queries/group_bys/query_group_bys_resource_spec.rb:0.808411824516952
spec/models/queries/non_working_days/non_working_day_query_spec.rb:0.05521450471132994
spec/services/placeholder_users/delete_service_spec.rb:0.05923195369541645
spec/requests/api/v3/views/create_resource_spec.rb:0.7284369263797998
spec/services/notifications/mail_service_spec.rb:0.22106882650405169
spec/lib/api/v3/formatter/txt_charset_spec.rb:0.011708442121744156
spec/lib/open_project/configuration/helpers_spec.rb:0.01710874494165182
spec/requests/api/v3/work_packages/work_packages_schemas_resource_spec.rb:3.1774217449128628
spec/lib/api/v3/queries/query_representer_parsing_spec.rb:0.03900505322962999
spec/requests/api/v3/days/day_spec.rb:0.18108975421637297
spec/lib/open_project/text_formatting/markdown/child_pages_macro_spec.rb:4.485710642300546
spec/mailers/member_mailer_spec.rb:0.38007547054439783
spec/models/query/results_subproject_filter_integration_spec.rb:0.26735976338386536
spec/support_spec/schedule_helpers/chart_representer_spec.rb:0.05310280900448561

Randomized with seed 39919

Randomized with seed 25058
spec/contracts/placeholder_users/delete_contract_spec.rb:0.7329076854512095
spec/models/work_package/work_package_multi_value_custom_fields_spec.rb:1.5784621657803655
spec/lib/open_project/changed_by_system_spec.rb:0.12258368916809559
spec/services/users/register_user_service_spec.rb:0.07518782280385494
spec/lib/journal_formatter/diff_spec.rb:0.1239097835496068
spec/models/queries/days/filters/working_filter_spec.rb:0.01620119158178568
spec/models/queries/work_packages/columns/work_package_column_spec.rb:0.0036519616842269897
spec/requests/api/v3/projects/statuses/project_status_resource_spec.rb:0.7043738542124629
spec/lib/api/contracts/model_contract_spec.rb:0.01696250308305025
spec/requests/api/v3/placeholder_users/show_resource_spec.rb:0.2269636681303382
spec/lib/redmine/menu_manager/menu_helper_spec.rb:0.07008446753025055
spec/models/member_spec.rb:0.2969214664772153
spec/models/queries/work_packages/filter/category_filter_spec.rb:0.08777828514575958
spec/lib/journal_formatter/custom_field_spec.rb:0.06591366603970528
spec/models/system_user_spec.rb:0.010295701213181019
spec/services/base/base_callable_spec.rb:0.007911809720098972
spec/helpers/wiki_pages/at_version_spec.rb:0.37539156526327133
spec/requests/auth/oauth_login_csp_spec.rb:0.07161628268659115
spec/models/queries/work_packages/filter/subject_filter_spec.rb:0.058040207251906395
spec/services/notifications/create_from_model_service_work_package_spec.rb:16.402337967418134
spec/models/principals/scopes/visible_spec.rb:0.3210370438173413
spec/lib/api/v3/queries/columns/query_relation_of_type_column_representer_spec.rb:0.09529830701649189
spec/requests/api/v3/queries/order/query_order_api_spec.rb:0.7655257387086749
spec/models/work_package/work_package_acts_as_event_spec.rb:0.009341729804873466
spec/models/menu_item_spec.rb:0.03511409554630518
spec/contracts/relations/create_contract_spec.rb:0.0513986935839057
spec/models/ldap_auth_source_spec.rb:3.7145451409742236
spec/models/placeholder_users/scopes/visible_spec.rb:0.19969165977090597
spec/controllers/work_packages/auto_completes_controller_spec.rb:2.6587767377495766
spec/services/scm/repository_factory_service_spec.rb:0.1510091871023178
spec/support_spec/schedule_helpers/example_methods_spec.rb:0.5088821034878492
spec/services/queries/create_service_spec.rb:0.09631366282701492
spec/models/queries/news/news_query_spec.rb:0.02780510950833559
spec/models/queries/members/filters/group_filter_spec.rb:0.07204375229775906
spec/workers/backup_job_spec.rb:4.718018347397447
spec/models/notifications/scopes/reminder_mail_unsent_spec.rb:0.28202298283576965
spec/models/queries/work_packages/filter/start_date_filter_spec.rb:0.05674135871231556
spec/models/watcher_spec.rb:3.6209078086540103
spec/models/queries/work_packages/filter/attachment_content_filter_spec.rb:0.30856622848659754
spec/requests/api/v3/work_packages/by_project_create_resource_spec.rb:3.306168617680669
spec/services/projects/update_service_spec.rb:0.12522529251873493
spec/services/queries/filter_mappper_spec.rb:0.04115347936749458
spec/lib/api/v3/placeholder_users/placeholder_user_collection_representer_spec.rb:0.20124836638569832
spec/lib/api/v3/queries/schemas/filter_dependency_representer_factory_spec.rb:0.1327975606545806
spec/models/queries/notifications/filters/read_ian_filter_spec.rb:0.0532895652577281
spec/lib/api/decorators/aggregation_group_spec.rb:0.008227961137890816
spec/lib/acts_as_journalized/journable_differ_spec.rb:0.013478059321641922
spec/contracts/placeholder_users/create_contract_spec.rb:0.1036066822707653
spec/contracts/work_packages/base_contract_spec.rb:2.7143591083586216
spec/requests/api/v3/queries/create_query_spec.rb:0.35765226371586323
spec/models/queries/work_packages/filter/milestone_filter_spec.rb:0.08284292742609978
spec/models/principal_spec.rb:0.11881786677986383
spec/lib/api/v3/relations/relation_paginated_collection_representer_spec.rb:0.4901792583987117
spec/models/custom_value/date_strategy_spec.rb:0.022969734854996204
spec/models/queries/work_packages/filter/blocked_filter_spec.rb:0.799992561340332
spec/workers/projects/reorder_children_job_integration_spec.rb:0.3558218590915203
spec/lib/api/v3/groups/group_collection_representer_spec.rb:0.23354227747768164
spec/contracts/placeholder_users/update_contract_spec.rb:0.06877611111849546
spec/workers/mails/member_updated_job_spec.rb:0.26439258828759193
spec/requests/api/v3/versions/available_projects_resource_spec.rb:0.5600923411548138
spec/views/users/edit.html.erb_spec.rb:0.6469043036922812
spec/views/users/show.html.erb_spec.rb:0.11937777884304523
spec/routing/repositories_routing_spec.rb:0.09528324287384748
spec/services/work_packages/create_service_integration_spec.rb:0.6198588628321886
spec/workers/notifications/schedule_date_alerts_notifications_job_spec.rb:0.46464052237570286
spec/routing/work_package_bulk_spec.rb:0.0082644522190094
spec/lib/api/v3/queries/schemas/status_filter_dependency_representer_spec.rb:0.12205739226192236
spec/contracts/views/create_contract_work_packages_table_spec.rb:0.10644605197012424
spec/services/relations/create_service_spec.rb:0.30934777203947306
spec/permissions/copy_projects_spec.rb:0.1796739874407649
spec/requests/api/v3/user/create_form_resource_spec.rb:0.27804296277463436
spec/models/queries/work_packages/filter/includes_filter_spec.rb:0.8035851512104273
spec/routing/work_package/auto_completes_routing_spec.rb:0.012946846894919872
spec/workers/user_job_spec.rb:0.02371329441666603
spec/services/users/create_service_spec.rb:0.1326874466612935
spec/services/authorization/user_global_roles_query_spec.rb:0.39090109430253506
spec/requests/api/v3/category_resource_spec.rb:1.83682691026479
spec/requests/api/v3/notifications/index_resource_spec.rb:1.5018042335286736
spec/models/custom_actions/conditions/role_spec.rb:0.03581918403506279
spec/lib/api/v3/queries/schemas/category_filter_dependency_representer_spec.rb:0.28453768510371447
spec/requests/api/v3/queries/update_form_api_spec.rb:14.755292620509863
spec/models/queries/work_packages/manual_sorting_spec.rb:0.2588175619021058
spec/lib/api/utilities/resource_link_parser_spec.rb:0.048117405734956264
spec/lib/api/v3/queries/schemas/date_filter_dependency_representer_spec.rb:1.1488924957811832
spec/models/query/results_spec.rb:5.6094948928803205
spec/controllers/projects_settings_menu_controller_spec.rb:1.7783160023391247
spec/lib/api/v3/work_packages/work_package_sums_representer_spec.rb:0.10740165784955025
spec/requests/api/v3/version_resource_spec.rb:10.0041856886819
spec/models/queries/members/filters/status_filter_spec.rb:0.03547553066164255
spec/lib/api/v3/work_packages/form_representer_spec.rb:0.7950488468632102
spec/controllers/repositories_controller_spec.rb:2.6357758371159434
spec/routing/user_memberships_routing_spec.rb:0.009534950368106365
spec/models/queries/work_packages/filter/search_filter_spec.rb:1.0683532757684588
spec/models/work_package/work_package_acts_as_customizable_spec.rb:1.71321355458349
spec/models/projects/customizable_spec.rb:0.04788554925471544
spec/requests/api/v3/custom_options/custom_options_resource_spec.rb:0.6267358520999551
spec/lib/open_project/text_formatting/markdown/in_tool_links_spec.rb:4.624494290910661
spec/controllers/users_controller_spec.rb:2.6523267775774
spec/lib/api/v3/attachments/attachment_representer_spec.rb:1.0652431407943368
spec/lib/api/v3/notifications/property_factory_spec.rb:0.679531536065042
spec/requests/api/v3/relations/relations_api_spec.rb:10.804903158918023
spec/lib/api/v3/work_packages/eager_loading/cost_eager_loading_integration_spec.rb:0.7553546838462353
spec/lib/open_project/footer_spec.rb:0.018572389148175716
spec/contracts/backups/create_contract_spec.rb:0.03683489002287388
spec/lib/open_project/text_formatting/markdown/setting_variable_spec.rb:0.016474850475788116
spec/workers/notifications/schedule_reminder_mails_job_spec.rb:0.0744497049599886
spec/services/work_packages/shared/days_spec.rb:0.015005137771368027
spec/models/forum_spec.rb:1.0491803092882037
spec/requests/api/v3/projects/delete_resource_spec.rb:2.7749485727399588
spec/lib/api/v3/memberships/membership_representer_rendering_spec.rb:1.14823061786592
spec/controllers/work_packages/moves_controller_spec.rb:9.867724145762622
spec/lib/api/v3/queries/schemas/text_filter_dependency_representer_spec.rb:0.6125786788761616
spec/lib/api/v3/configuration/configuration_representer_spec.rb:0.2376175867393613
spec/services/backups/create_service_spec.rb:0.20066490396857262
spec/services/authorization/enterprise_service_spec.rb:0.030280246399343014
spec/contracts/projects/base_contract_spec.rb:0.013202976435422897
spec/models/user_passwords/sha1_spec.rb:0.03707496263086796
spec/lib/api/v3/queries/queries_params_representer_spec.rb:0.01590314321219921
spec/requests/api/v3/user/update_user_resource_spec.rb:0.4639976993203163
spec/models/queries/work_packages/filter/updated_at_filter_spec.rb:0.07044926751405
spec/lib/api/v3/work_packages/schema/work_package_schema_representer_spec.rb:26.99997364450246
spec/models/queries/projects/filters/name_and_identifier_filter_spec.rb:0.029390983283519745
spec/lib/open_project/text_formatting/text_formatting_spec.rb:0.01870602648705244
spec/services/relations/update_service_spec.rb:0.15510287880897522
spec/controllers/news_controller_spec.rb:0.7063493682071567
spec/models/reports_services_spec.rb:0.03565814159810543
spec/lib/api/v3/projects/project_collection_representer_spec.rb:0.4173502968624234
spec/services/members/set_attributes_service_spec.rb:0.02707513887435198
spec/models/versions/scopes/shared_with_spec.rb:0.470094439573586
spec/cells/rails_cell_spec.rb:0.00826519075781107

Randomized with seed 25058
