
Randomized with seed 26330

1st Try error in ./modules/dashboards/spec/features/work_package_graph_spec.rb:170:
expected to find visible css ".op-toast.-ee-upsale" with text "Enterprise edition add-on" within #<Capybara::Node::Element tag="div" path="/HTML/BODY[1]/OP-MODAL-OVERLAY[1]/DIV[2]/NG-COMPONENT[1]/DIV[1]"> but there were no matches. Also found "", which matched the selector but not all filters. 
unable to sign request without credentials set

RSpec::Retry: 2nd try ./modules/dashboards/spec/features/work_package_graph_spec.rb:170

Randomized with seed 45216

1st Try error in ./modules/backlogs/spec/features/impediments_spec.rb:112:
expected not to find visible css "div.impediment.error" with text "Updated impediment", found 1 match: "77\nUpdated impediment\n144"
unable to sign request without credentials set

RSpec::Retry: 2nd try ./modules/backlogs/spec/features/impediments_spec.rb:112

Randomized with seed 47617
modules/bim/spec/features/viewer/create_viewpoint_spec.rb:24.866910334676504
spec/features/projects/template_spec.rb:16.57898425683379
spec/features/menu_items/help_menu_spec.rb:2.0623608389869332
spec/features/admin/enterprise/token_domain_spec.rb:13.785715455189347
modules/two_factor_authentication/spec/features/backup_codes/login_with_backup_code_spec.rb:7.551803925074637
modules/meeting/spec/features/meetings_delete_spec.rb:5.871471808291972
spec/features/work_packages/details/closed_status_and_version_spec.rb:2.8544238163158298
spec/features/work_packages/datepicker/datepicker_follows_relation_spec.rb:16.14829872082919
modules/storages/spec/features/admin_storages_spec.rb:15.82078682538122
spec/features/groups/group_show_spec.rb:0.4676154674962163
spec/features/menu_items/quick_add_menu_spec.rb:31.240204809233546
spec/features/work_packages/table/queries/filter_pagination_spec.rb:8.959375174716115
spec/features/wiki/rename_spec.rb:5.392034308984876
spec/features/notifications/settings/workdays_settings_spec.rb:19.148178501985967
spec/features/work_packages/sorting/table_sorting_spec.rb:16.15547603648156
spec/features/categories/delete_spec.rb:10.420223313383758
spec/features/projects/work_package_type_mgmt_spec.rb:6.907674198970199
spec/features/admin/test_mail_notification_spec.rb:5.3078755382448435
spec/features/work_packages/table/duration_field_spec.rb:5.736655463464558
spec/features/wysiwyg/macros/embedded_tables_spec.rb:18.922006343491375
spec/features/custom_fields/create_long_text_spec.rb:8.86443953961134
modules/budgets/spec/features/costs_edit_fields_spec.rb:4.104526677168906
spec/features/work_packages/new/work_package_default_description_spec.rb:25.572412921115756
modules/calendar/spec/features/calendar_create_work_package_spec.rb:4.4225925374776125
modules/documents/spec/features/attachment_upload_spec.rb:32.56342283077538
modules/bim/spec/features/model_management_spec.rb:26.425544131547213
spec/features/members/invitation_spec.rb:11.895002855919302
modules/bim/spec/features/viewer/show_viewpoint_spec.rb:31.278513204306364
modules/backlogs/spec/features/stories_in_backlog_spec.rb:10.396982598118484
modules/boards/spec/features/action_boards/version_board_spec.rb:58.544499669224024
spec/features/repositories/checkout_instructions_spec.rb:2.189154913648963
modules/two_factor_authentication/spec/features/backup_codes/generate_backup_codes_spec.rb:5.114402052015066
spec/features/repositories/create_repository_spec.rb:35.14493959676474
modules/reporting/spec/features/permissions_spec.rb:20.310737025924027
spec/features/global_roles/global_create_project_spec.rb:9.622855929657817
spec/features/work_packages/cards/wp_card_status_spec.rb:4.019141302444041
modules/team_planner/spec/features/team_planner_dates_spec.rb:8.972129329107702
spec/features/work_packages/work_package_index_spec.rb:2.9406221890822053

Randomized with seed 47617

Randomized with seed 46577

1st Try error in ./modules/reporting/spec/features/me_value_spec.rb:35:
Unable to find field "data" that is not disabled
unable to sign request without credentials set

RSpec::Retry: 2nd try ./modules/reporting/spec/features/me_value_spec.rb:35

Randomized with seed 19742
spec/features/work_packages/table/relations_spec.rb:18.57925323303789
spec/features/homescreen/index_spec.rb:6.6035081297159195
spec/features/work_packages/tabs/keep_tab_spec.rb:8.37525794096291
spec/features/activities/disabled_activity_spec.rb:0.757592405192554
spec/features/work_packages/table/queries/filter_spec.rb:133.0278548002243
modules/my_page/spec/features/my/news_spec.rb:2.706086811609566
spec/features/wysiwyg/macros/work_package_button_spec.rb:5.521669297479093
modules/costs/spec/features/cost_types/create_cost_type_spec.rb:8.753949910402298
modules/job_status/spec/features/job_status_spec.rb:3.936717522330582
modules/github_integration/spec/features/work_package_github_tab_spec.rb:27.563670235686004
spec/features/members/roles_spec.rb:16.253162535838783
spec/features/work_packages/details/relations/hierarchy_custom_fields_spec.rb:9.995006314478815
spec/features/work_packages/display_fields/date_field_display_spec.rb:4.838571425527334
spec/features/work_packages/details/details_refreshing_spec.rb:3.5264008715748787
spec/features/projects/subproject_creation_spec.rb:6.450487500056624
modules/boards/spec/features/action_boards/status_type_moving_board_spec.rb:19.41126806754619
modules/team_planner/spec/features/team_planner_view_modes_spec.rb:9.514896223321557
modules/meeting/spec/features/meetings_index_spec.rb:1.2421851372346282
spec/features/versions/project_settings_index_spec.rb:0.23034451436251402
spec/features/custom_fields/custom_fields_spec.rb:25.019204980693758
modules/boards/spec/features/board_conflicts_spec.rb:7.182942501269281
modules/meeting/spec/features/meetings_close_spec.rb:7.300662584602833
spec/features/work_packages/custom_actions/custom_actions_spec.rb:162.37915162649006
spec/features/groups/membership_spec.rb:38.59524374362081
modules/budgets/spec/features/budgets/delete_budget_spec.rb:9.537904139608145
spec/features/admin/settings_spec.rb:0.4258136572316289
spec/features/notifications/settings/reminder_email_settings_spec.rb:6.95461365673691
modules/team_planner/spec/features/team_planner_create_spec.rb:30.420392993837595
spec/features/work_packages/table/milestones_spec.rb:7.870421091094613

Randomized with seed 19742

Randomized with seed 40034
spec/features/wiki/attachment_upload_spec.rb:23.56342973653227
spec/features/work_packages/details/milestones_spec.rb:4.026225261390209
spec/features/admin/backup_spec.rb:13.20527969673276
modules/dashboards/spec/features/news_spec.rb:1.9805661793798208
spec/features/work_packages/details/context_menu_spec.rb:3.3743466809391975
modules/reporting/spec/features/work_package_costlog_spec.rb:3.508798811584711
modules/meeting/spec/features/meetings_new_spec.rb:23.10971626639366
spec/features/admin/attribute_help_texts_spec.rb:29.185332654975355
modules/costs/spec/features/time_entry/activity_spec.rb:0.9568181578069925
modules/team_planner/spec/features/team_planner_project_include_spec.rb:53.40323250275105
spec/features/global_roles/member_roles_spec.rb:1.6887675132602453
modules/calendar/spec/features/calendar_widget_spec.rb:4.411531381309032
spec/features/work_packages/table/hierarchy/hierarchy_parent_below_spec.rb:18.464683078229427
spec/features/work_packages/scheduling/scheduling_mode_spec.rb:26.011000071652234
spec/features/users/invite_user_modal/permission_lacking_current_project_spec.rb:8.162169704213738
spec/features/work_packages/table/queries/default_queries_spec.rb:3.6482609873637557
modules/costs/spec/features/destroy_work_package_with_cost_entries_spec.rb:7.972338027320802
spec/features/work_packages/table/hierarchy/parent_column_spec.rb:11.326024840585887
spec/features/placeholder_users/edit_placeholder_users_spec.rb:6.728835431858897
spec/features/menu_items/top_menu_item_spec.rb:11.847765139304101
spec/features/users/password_change_spec.rb:33.986347986385226
modules/bim/spec/features/ifc_models/direct_ifc_upload_spec.rb:5.7568570440635085
spec/features/notifications/notification_center/notification_center_sidemenu_spec.rb:11.560955386608839
modules/backlogs/spec/features/work_packages/filter_spec.rb:9.323806747794151
modules/boards/spec/features/action_boards/subproject_board_spec.rb:32.96547547634691
modules/bim/spec/features/bcf/export_spec.rb:12.65511800441891
modules/costs/spec/features/cost_types/delete_cost_type_spec.rb:3.800318636931479
modules/storages/spec/features/show_file_links_spec.rb:10.862607969902456
spec/features/search_spec.rb:114.26291669532657
spec/features/global_roles/global_role_crud_spec.rb:2.9374727979302406
modules/dashboards/spec/features/work_package_calendar_spec.rb:4.2119969092309475
modules/backlogs/spec/features/onboarding/backlogs_onboarding_tour_spec.rb:16.1598135009408
modules/dashboards/spec/features/project_details_spec.rb:29.238892489112914
spec/features/wysiwyg/macros/child_pages_spec.rb:7.816601927392185
spec/features/oauth/authorization_code_flow_spec.rb:8.825451128184795
spec/features/work_packages/bulk/update_work_package_spec.rb:61.90354594774544
modules/budgets/spec/features/budgets/copy_budget_spec.rb:4.461362875066698

Randomized with seed 40034

Randomized with seed 2413

1st Try error in ./spec/features/views/shared_examples.rb:8:
expected not to find visible css ".editable-toolbar-title--save", found 1 match: ""
unable to sign request without credentials set

RSpec::Retry: 2nd try ./spec/features/views/shared_examples.rb:8

1st Try error in ./spec/features/work_packages/bulk/move_work_package_spec.rb:97:
expected "/job_statuses/77e8e0e4-29a1-4f5e-8503-4bb3cfb765fe" to equal "/projects/myproject_no_80/work_packages/129/activity"
unable to sign request without credentials set

RSpec::Retry: 2nd try ./spec/features/work_packages/bulk/move_work_package_spec.rb:97

Randomized with seed 8805
modules/auth_plugins/spec/features/auth_provider_spec.rb:5.058690147474408
modules/meeting/spec/features/meetings_locking_spec.rb:5.284127471037209
modules/costs/spec/features/view_own_rates_spec.rb:2.8622698979452252
spec/features/wysiwyg/macros/attribute_macros_spec.rb:7.152442465536296
modules/reporting/spec/features/custom_fields_spec.rb:10.454176354222
spec/features/users/invite_user_modal/custom_fields_spec.rb:12.052482922561467
spec/features/work_packages/bulk/copy_work_package_spec.rb:102.5397001169622
spec/features/activities/project_attributes_activity_spec.rb:3.4313989393413067
modules/backlogs/spec/features/work_packages/remaining_time_spec.rb:8.238949030637741
modules/backlogs/spec/features/work_packages/story_points_spec.rb:1.5060810474678874
spec/features/admin/custom_fields/multi_value_custom_fields_spec.rb:7.6734736086800694
modules/pdf_export/spec/features/export_card_configurations_admin_spec.rb:9.220096751116216
spec/features/work_packages/details/markdown/description_editor_spec.rb:54.88799969945103
modules/storages/spec/features/delete_project_storage_and_file_links_spec.rb:3.357744872570038
modules/budgets/spec/features/budgets/attachment_upload_spec.rb:25.934720217250288
spec/features/notifications/navigation_spec.rb:12.269557089544833
spec/features/work_packages/sorting/manual_sorting_spec.rb:159.67669401597232
spec/features/work_packages/table/queries/query_history_spec.rb:21.012282902374864
modules/meeting/spec/features/meetings_activity_spec.rb:2.699471886269748
modules/two_factor_authentication/spec/features/login/login_enforced_2fa_spec.rb:9.87138088233769
modules/team_planner/spec/features/team_planner_index_spec.rb:9.526245225220919
spec/features/work_packages/timeline/timeline_hierarchy_spec.rb:7.143861991353333
spec/features/work_packages/select/select_work_package_row_spec.rb:16.04839178081602
modules/my_page/spec/features/my/assigned_to_me_spec.rb:23.934195670299232
spec/features/work_package_show_spec.rb:2.5690265065059066
modules/dashboards/spec/features/project_description_spec.rb:12.226067422889173
modules/calendar/spec/features/calendar_project_include_spec.rb:33.25407086033374
modules/dashboards/spec/features/work_package_table_spec.rb:17.378264563158154
modules/boards/spec/features/board_management_spec.rb:38.777854492887855
spec/features/work_packages/table/queries/assignees_role_filter_spec.rb:17.83119432348758
spec/features/work_packages/datepicker/datepicker_non_working_day_spec.rb:13.820723010227084
spec/features/global_roles/global_role_assignment_spec.rb:4.115366829559207
modules/backlogs/spec/features/backlogs_in_backlog_view_spec.rb:13.526867954991758
spec/features/placeholder_users/create_spec.rb:0.6761565795168281
spec/features/work_packages/pagination_spec.rb:5.032956009730697
modules/boards/spec/features/board_reference_work_package_spec.rb:20.94876879733056
spec/features/wysiwyg/work_package_linking_spec.rb:3.4460688894614577

Randomized with seed 8805
spec/features/forums/message_spec.rb:28.412177839316428
spec/features/custom_fields/create_date_spec.rb:3.3090703831985593
modules/boards/spec/features/action_boards/status_board_spec.rb:32.87475581653416
spec/features/work_packages/details/query_groups/relation_query_group_spec.rb:40.635174041613936
spec/features/work_packages/attachments/attachment_upload_spec.rb:62.884161724708974
spec/features/work_packages/table/baseline/baseline_query_spec.rb:7.9785793125629425
modules/backlogs/spec/features/empty_backlogs_spec.rb:2.6792387068271637
spec/features/notifications/settings/immediate_reminder_spec.rb:5.172715264372528
spec/features/work_packages/tabs/activity_notifications_spec.rb:35.13883163314313
modules/overviews/spec/features/managing_overview_page_spec.rb:12.167951219715178
spec/features/work_packages/details/relations/relations_spec.rb:41.63094704132527
spec/features/projects/edit_settings_spec.rb:20.09151916578412
spec/features/wysiwyg/macros/quicklink_macros_spec.rb:18.175750417634845
spec/features/work_packages/tabs/watcher_tab_spec.rb:28.879989293403924
spec/features/activities/wiki_activity_spec.rb:6.141359117813408
spec/features/statuses/statuses_administration_spec.rb:0.2156112501397729
modules/boards/spec/features/action_boards/assignee_board_spec.rb:28.992227280512452
modules/my_page/spec/features/my/time_entries_current_user_spec.rb:30.362087681889534
spec/features/wiki/restore_main_item_spec.rb:0.32334555219858885
spec/features/custom_fields/activate_in_project_spec.rb:5.756359304301441
modules/reporting/spec/features/filter_spec.rb:2.943898778408766
modules/costs/spec/features/cost_entries/add_cost_entry_spec.rb:17.458358069881797
modules/meeting/spec/features/meetings_show_spec.rb:15.415408838540316
spec/features/auth/auth_source_sso_logout_spec.rb:0.4981227982789278
spec/features/work_packages/details/inplace_editor/version_editor_spec.rb:14.324622702784836
spec/features/projects/project_status_administration_spec.rb:7.939081413671374
modules/boards/spec/features/action_boards/custom_field_filters_spec.rb:10.132726973854005
modules/budgets/spec/features/budgets/add_budget_spec.rb:27.032819848507643
modules/meeting/spec/features/meetings_search_spec.rb:5.3479592287912965
spec/features/wysiwyg/linking_spec.rb:3.7349308487027884
modules/boards/spec/features/board_highlighting_spec.rb:6.347792383283377
modules/backlogs/spec/features/resolved_status_spec.rb:0.386458782479167
spec/features/work_packages/table/scheduling/manual_scheduling_spec.rb:9.547711161896586
spec/features/types/form_configuration_query_spec.rb:102.5151577712968
spec/features/security/session_ttl_spec.rb:0.8802071902900934
spec/features/roles/create_spec.rb:6.485346254892647
modules/team_planner/spec/features/query_handling_spec.rb:63.641579302959144
modules/team_planner/spec/features/team_planner_subproject_constraints_spec.rb:15.44729614444077

Randomized with seed 2413
modules/budgets/spec/features/work_package_filter_spec.rb:12.611145669594407
spec/features/work_packages/table/hierarchy/hierarchy_indent_spec.rb:65.66866269242018
spec/features/projects/project_autocomplete_spec.rb:38.84997890237719
spec/features/work_packages/zen_mode_spec.rb:3.3885665629059076
spec/features/menu_items/menu_permissions_spec.rb:7.298917939886451
spec/features/work_packages/table/queries/assignee_filter_spec.rb:15.91734094824642
modules/meeting/spec/features/meetings_participants_spec.rb:1.2051368551328778
spec/features/users/brute_force_spec.rb:1.9821600019931793
spec/features/work_packages/table/edit_work_packages_spec.rb:22.481805382296443
modules/team_planner/spec/features/team_planner_remove_event_spec.rb:38.64379616454244
spec/features/forums/sticky_spec.rb:1.520936207845807
spec/features/users/self_registration_spec.rb:16.54544211830944
modules/costs/spec/features/users_hourly_rates_spec.rb:21.241672077216208
spec/features/work_packages/details/markdown/activity_comments_spec.rb:104.78826806228608
spec/features/admin/custom_fields/list_custom_field_spec.rb:5.798203288577497
modules/dashboards/spec/features/work_package_graph_overview_spec.rb:2.5307575166225433
spec/features/work_packages/attribute_help_texts_spec.rb:5.373535303398967
spec/features/work_packages/details/markdown/todolist_spec.rb:36.439746245741844
spec/features/placeholder_users/index_spec.rb:16.06529096327722
modules/reporting/spec/features/my_time_spec.rb:3.9047821536660194
spec/features/notifications/notification_center/notification_center_spec.rb:85.75884931068867
modules/two_factor_authentication/spec/features/account_activation_spec.rb:14.857261503115296
modules/storages/spec/features/storages_menu_links_spec.rb:3.7706581922248006
modules/calendar/spec/features/calendars_index_spec.rb:4.309511901810765
spec/features/work_packages/table/queries/id_filter_spec.rb:23.738805019296706
modules/reporting/spec/features/me_value_spec.rb:26.14627917483449
modules/dashboards/spec/features/docments_spec.rb:2.1920383600518107
modules/my_page/spec/features/my/documents_spec.rb:1.7331903902813792
spec/features/work_packages/navigation_spec.rb:27.603510946966708
spec/features/members/membership_spec.rb:26.657967494800687
spec/features/users/invite_user_modal/subproject_invite_spec.rb:9.663200535811484
modules/bim/spec/features/ifc_models/regular_ifc_upload_spec.rb:3.7338794050738215
spec/features/projects/copy_spec.rb:21.655758906155825
spec/features/work_packages/cancel_editing_spec.rb:31.22246660385281
spec/features/homescreen/robots_spec.rb:0.09761408809572458
spec/features/work_packages/details/workdays_spec.rb:5.426216605119407
spec/features/work_packages/table/configuration_modal/column_spec.rb:12.552838490344584
modules/reporting/spec/features/top_menu_item_spec.rb:2.785677995532751

Randomized with seed 46577

Randomized with seed 41700
spec/features/custom_fields/multi_value_custom_field_spec.rb:47.08199558313936
spec/features/auth/auth_source_sso_login_spec.rb:0.4671818511560559
spec/features/work_packages/details/relations/hierarchy_milestone_spec.rb:3.0541073651984334
modules/two_factor_authentication/spec/features/my_two_factor_devices_spec.rb:16.54275601916015
spec/features/work_packages/table/work_packages_table_project_include_spec.rb:46.507719315588474
modules/team_planner/spec/features/team_planner_split_view_spec.rb:9.471859718672931
spec/features/auth/omniauth_spec.rb:3.6701151272282004
spec/features/work_packages/select/select_card_view_spec.rb:10.49661908019334
spec/features/work_packages/table/queries/query_name_inline_edit_spec.rb:13.360426259227097
spec/features/wysiwyg/custom_css_classes_spec.rb:6.792870202101767
spec/features/users/show_spec.rb:1.5972742270678282
modules/dashboards/spec/features/project_status_spec.rb:13.56566080544144
spec/features/groups/groups_spec.rb:7.003178501501679
spec/features/types/activate_in_project_spec.rb:5.987934954464436
spec/features/versions/graph_spec.rb:1.9256270481273532
modules/bim/spec/features/revit_add_in/bim_revit_add_in_refresh_button_spec.rb:7.158736448734999
spec/features/users/delete_spec.rb:26.51082469522953
spec/features/menu_items/query_menu_item_spec.rb:14.630484384484589
modules/calendar/spec/features/query_handling_spec.rb:31.654048874042928
spec/features/work_packages/table/queries/me_filter_spec.rb:24.067112327553332
modules/my_page/spec/features/my/my_page_spec.rb:20.60115872696042
spec/features/auth/login_spec.rb:8.662606592290103
spec/features/forums/attachment_upload_spec.rb:43.74696310516447
spec/features/work_packages/export_spec.rb:60.45706184580922
spec/features/projects/create_spec.rb:23.82458327524364
spec/features/onboarding/onboarding_tour_spec.rb:46.49780184216797
spec/features/projects/projects_index_spec.rb:99.926952871494
spec/features/work_packages/table/inline_create/inline_create_refresh_spec.rb:7.635736891068518
modules/dashboards/spec/features/read_only_allowed_spec.rb:2.0100410412997007
modules/overviews/spec/features/navigation_spec.rb:1.162873494438827
modules/backlogs/spec/features/tasks_on_taskboard_spec.rb:7.226671125739813
modules/team_planner/spec/features/onboarding/team_planner_onboarding_tour_spec.rb:31.168122926726937
spec/features/auth/consent_auth_stage_spec.rb:21.32163025904447
spec/features/work_packages/table/empty_filters_spec.rb:2.698157822713256
spec/features/groups/group_memberships_spec.rb:56.784980054944754
spec/features/wysiwyg/html_encoding_spec.rb:2.992236324585974
spec/features/notifications/reminder_mail_spec.rb:0.5808892687782645
spec/features/work_packages/work_package_workflow_form_spec.rb:4.265860246494412

Randomized with seed 41700

Randomized with seed 13290
spec/features/global_roles/no_module_spec.rb:3.0673548812046647
modules/storages/spec/features/create_file_links_spec.rb:6.219341172836721
spec/features/work_packages/table/switch_types_spec.rb:50.93227600399405
spec/features/work_packages/table/configuration_modal/filter_spec.rb:12.097473170608282
spec/features/work_packages/details/custom_fields/custom_field_spec.rb:79.81894556805491
modules/bim/spec/features/bcf/api_authorization_spec.rb:10.164256306365132
spec/features/work_packages/timeline/timeline_navigation_spec.rb:55.41040189471096
spec/features/work_packages/table/queries/summary_spec.rb:4.583154019899666
modules/two_factor_authentication/spec/features/remember_cookie/login_with_remember_cookie_spec.rb:32.25830488372594
modules/bim/spec/features/bim_navigation_spec.rb:56.71439642459154
spec/features/work_packages/table/configuration_modal/table_configuration_modal_spec.rb:2.8055063486099243
spec/features/oauth/pkce_spec.rb:4.105864296667278
modules/reporting/spec/features/update_cost_report_spec.rb:5.357293418608606
spec/features/work_packages/table/queries/responsible_filter_spec.rb:12.359353730455041
spec/features/repositories/repository_settings_spec.rb:19.70581252872944
spec/features/wysiwyg/non_breaking_spaces_spec.rb:3.8637115359306335
modules/reporting/spec/features/update_entries_spec.rb:22.060905795544386
modules/bim/spec/features/show_default_spec.rb:7.634674701839685
spec/features/wiki/child_pages_spec.rb:4.108097796328366
modules/two_factor_authentication/spec/features/login/switch_available_devices_spec.rb:3.3496511662378907
spec/features/work_packages/datepicker/datepicker_logic_spec.rb:204.5354307377711
spec/features/wysiwyg/user_mention_spec.rb:12.867989050224423
modules/reporting/spec/features/calculations_spec.rb:3.040986421518028
spec/features/wiki/edit_new_page_spec.rb:2.8732653418555856
modules/my_page/spec/features/my/work_package_table_spec.rb:23.741350084543228
spec/features/activities/activity_page_navigation_spec.rb:5.2810090044513345
modules/bim/spec/features/model_viewer_spec.rb:20.69138777628541
modules/calendar/spec/features/calendar_dates_spec.rb:3.0865904865786433
spec/features/news/creation_and_commenting_spec.rb:5.084726219065487
modules/team_planner/spec/features/team_planner_error_handling_spec.rb:19.455647768452764
spec/features/work_packages/display_representations/switch_display_representations_spec.rb:19.971736091189086
modules/ldap_groups/spec/features/administration_spec.rb:5.491122927516699
spec/features/menu_items/admin_menu_item_spec.rb:2.4416706692427397
spec/features/work_packages/edit_on_assign_version_permission_spec.rb:4.562018600292504
spec/features/wiki/wiki_unicode_spec.rb:8.376060870476067
spec/features/work_packages/table/queries/query_menu_refresh_spec.rb:2.1607797099277377
spec/features/work_packages/table/group_by/group_by_boolean_spec.rb:3.287045558914542

Randomized with seed 13290
modules/dashboards/spec/features/subprojects_spec.rb:8.549272014759481
modules/meeting/spec/features/meetings_attachments_spec.rb:11.584617427550256
modules/avatars/spec/features/my_avatar_spec.rb:7.907460788264871
spec/features/work_packages/display_fields/spent_time_display_spec.rb:31.080406143330038
spec/features/members/error_messages_spec.rb:2.2480065496638417
spec/features/versions/edit_spec.rb:0.48304630629718304
spec/features/work_packages/table/baseline/baseline_rendering_spec.rb:6.6576098166406155
spec/features/work_packages/table/hierarchy/hierarchy_vs_grouping_spec.rb:6.7761021656915545
spec/features/custom_fields/create_bool_spec.rb:7.1859831707552075
spec/features/projects/export_spec.rb:11.416477692313492
spec/features/work_packages/details/relations/hierarchy_spec.rb:119.19319192506373
spec/features/notifications/settings/my_notifications_settings_spec.rb:10.976851974613965
modules/two_factor_authentication/spec/features/admin_edit_two_factor_devices_spec.rb:10.336683033965528
spec/features/security/expire_sessions_spec.rb:2.570153648033738
spec/features/admin/enumerations_spec.rb:0.1897034216672182
spec/features/types/crud_spec.rb:13.887505578808486
spec/features/custom_fields/reorder_options_spec.rb:5.395566123537719
modules/team_planner/spec/features/team_planner_add_existing_work_packages_spec.rb:74.5496372198686
modules/backlogs/spec/features/impediments_spec.rb:14.89149603806436
spec/features/projects/projects_custom_fields_spec.rb:52.57713685557246
modules/costs/spec/features/cost_entries/add_entry_without_rate_permission_spec.rb:5.5838963175192475
modules/boards/spec/features/board_enterprise_spec.rb:9.431634575128555
spec/features/work_packages/table/hierarchy/hierarchy_spec.rb:34.01289357803762
spec/features/work_packages/tabs/activity_revisions_spec.rb:52.94558084011078
modules/costs/spec/features/costs_context_menu_spec.rb:9.512386450544
spec/features/wysiwyg/tables_spec.rb:33.96552544180304
spec/features/work_packages/table/group_by/group_by_progress_spec.rb:12.618231989443302
modules/boards/spec/features/board_navigation_spec.rb:24.33808120060712
spec/features/work_packages/highlighting_spec.rb:25.72896697744727
spec/features/wiki/wiki_page_navigation_spec.rb:1.9150705561041832
spec/features/work_packages/details/inplace_editor/subject_editor_spec.rb:47.1121040713042
spec/features/work_packages/timeline/timeline_dates_spec.rb:61.88771325815469
spec/features/work_packages/table/inline_create/parallel_creation_spec.rb:9.833796106278896
spec/features/work_packages/details/details_toolbar_spec.rb:1.8137614950537682
spec/features/menu_items/wiki_menu_item_spec.rb:7.389333325438201
modules/team_planner/spec/features/team_planner_upsale_spec.rb:2.0714556919410825
spec/features/auth/auth_stages_spec.rb:1.581561484374106
spec/features/users/create_spec.rb:7.284110403619707

Randomized with seed 45216

Randomized with seed 37951
spec/features/watching/toggle_watching_spec.rb:12.663540692068636
spec/features/admin/working_days_spec.rb:25.003377482295036
spec/features/work_packages/new/attributes_from_filter_spec.rb:14.889610636979342
spec/features/work_packages/edit_work_package_spec.rb:104.67983968928456
spec/features/members/membership_filter_spec.rb:6.395135269500315
spec/features/accessibility/work_packages/work_package_query_spec.rb:61.24001107271761
modules/bim/spec/features/bcf/bcf_snapshot_column_spec.rb:3.50760006159544
spec/features/work_packages/table/invalid_query_spec.rb:12.761297405697405
modules/avatars/spec/features/user_avatar_spec.rb:13.945761729963124
spec/features/work_packages/table/inline_create/create_work_packages_spec.rb:64.15492073725909
modules/budgets/spec/features/budgets/update_budget_spec.rb:56.647868181578815
spec/features/projects/destroy_spec.rb:3.212392980232835
modules/boards/spec/features/onboarding/boards_onboarding_tour_spec.rb:73.73614497575909
spec/features/work_packages/project_context_switch_spec.rb:3.974584013223648
spec/features/placeholder_users/placeholder_user_memberships_spec.rb:32.93676820863038
spec/features/statuses/read_only_statuses_spec.rb:7.1113254223018885
spec/features/work_packages/table/queries/mobile_date_filter_spec.rb:13.461041323840618
modules/team_planner/spec/features/team_planner_spec.rb:103.66870349831879
modules/boards/spec/features/action_boards/subtasks_board_spec.rb:45.57852358557284
spec/features/admin/oauth/oauth_applications_management_spec.rb:7.595572579652071
modules/storages/spec/features/storages_module_spec.rb:11.988947350531816
spec/features/auth/logout_spec.rb:3.1061859410256147
spec/features/custom_fields/multi_user_custom_field_spec.rb:12.04024014249444
spec/features/work_packages/table/group_by/group_headers_spec.rb:7.0518134059384465
modules/bim/spec/features/revit_add_in/bim_revit_add_in_navigation_spec.rb:20.095769747160375
spec/features/work_packages/new/new_work_package_datepicker_spec.rb:3.6370168710127473
spec/features/users/notifications/user_notifications_settings_spec.rb:7.491416253149509
spec/features/wysiwyg/paragraphs_in_lists_spec.rb:1.05095278006047
spec/features/work_packages/table/queries/query_menu_spec.rb:12.40709641110152
modules/reporting/spec/features/group_by_spec.rb:2.985352970659733
spec/features/work_packages/timeline/timeline_labels_spec.rb:7.243677608668804
spec/features/users/index_spec.rb:14.369112698361278
spec/features/notifications/notification_center/split_screen_spec.rb:5.548903601244092
modules/dashboards/spec/features/custom_text_spec.rb:7.357244277372956
modules/calendar/spec/features/calendars_spec.rb:6.791952560655773
modules/two_factor_authentication/spec/features/login/login_with_2fa_spec.rb:1.9737719092518091
spec/features/colors/color_administration_spec.rb:0.08065787144005299
spec/features/work_packages/select/select_query_spec.rb:2.866833516396582

Randomized with seed 37951
spec/features/work_packages/table/queries/user_cf_filter_spec.rb:22.476761820726097
modules/storages/spec/features/manage_project_storage_spec.rb:11.001888237893581
spec/features/notifications/notification_center/notification_center_date_alerts_spec.rb:7.06506284698844
modules/team_planner/spec/features/team_planner_menu_spec.rb:5.4406480165198445
modules/overviews/spec/features/low_permissions_page_creation_spec.rb:1.367602557875216
modules/my_page/spec/features/my/accountable_spec.rb:10.92386728618294
spec/features/custom_fields/create_float_spec.rb:3.5969402668997645
spec/features/admin/enterprise/enterprise_spec.rb:7.663799317553639
spec/features/work_packages/display_fields/estimated_hours_display_spec.rb:20.766073022037745
modules/my_page/spec/features/my/custom_text_spec.rb:8.805891652591527
spec/features/localization_spec.rb:0.41580478474497795
modules/dashboards/spec/features/work_package_graph_spec.rb:37.22230127360672
spec/features/attachments/attachments_spec.rb:0.0008348384872078896
modules/bim/spec/features/bim_filter_spec.rb:20.791593628004193
modules/dashboards/spec/features/members_spec.rb:7.110280725173652
spec/features/placeholder_users/delete_spec.rb:12.74688938446343
modules/webhooks/spec/features/manage_webhooks_spec.rb:12.397967534139752
modules/calendar/spec/features/calendar_user_interaction_spec.rb:13.253810000605881
spec/features/work_packages/tabs/activity_tab_spec.rb:47.645736852660775
modules/boards/spec/features/board_update_spec.rb:8.049333578906953
spec/features/admin/menu_item_traversal_spec.rb:15.872199172154069
spec/features/members/pagination_spec.rb:15.521249869838357
spec/features/users/my_spec.rb:20.20552579499781
modules/two_factor_authentication/spec/features/login/login_without_2fa_spec.rb:7.412412153556943
spec/features/work_packages/select/select_wp_card_spec.rb:6.674428396858275
spec/features/work_packages/details/date_editor_spec.rb:137.22443368285894
spec/features/wysiwyg/macros/code_block_macro_spec.rb:13.997319534420967
modules/bim/spec/features/viewer/delete_viewpoint_spec.rb:6.885177852585912
spec/features/work_packages/datepicker/datepicker_parent_spec.rb:4.537930459715426
modules/bim/spec/features/bcf/create_spec.rb:74.78163156099617
modules/reporting/spec/features/project_context_spec.rb:3.3358785789459944
modules/bim/spec/features/bcf_view_management_spec.rb:16.455124971456826
modules/reporting/spec/features/subproject_spec.rb:2.2876146510243416
spec/features/activities/time_entry_activity_spec.rb:5.2502686800435185
spec/features/work_packages/index_sums_spec.rb:27.88439794164151
spec/features/work_packages/bulk/move_work_package_spec.rb:133.50349816214293
spec/features/users/invite_user_modal/invite_user_modal_spec.rb:53.105121742002666
modules/dashboards/spec/features/time_entries_spec.rb:2.517436142079532
spec/features/work_packages/table/queries/bool_cf_filter_spec.rb:4.1176189528778195

Randomized with seed 26330

Randomized with seed 44118
spec/features/types/reset_form_configuration_spec.rb:7.3693152675405145
spec/features/errors/errors_handler_spec.rb:0.20503261592239141
spec/features/work_packages/custom_actions/custom_actions_me_value_spec.rb:14.77585376612842
modules/reporting/spec/features/saving_spec.rb:9.328088907524943
modules/dashboards/spec/features/navigation_spec.rb:2.1283927829936147
spec/features/work_packages/table/context_menu/context_menu_spec.rb:145.5478376634419
spec/features/projects/attribute_help_texts_spec.rb:10.240317705087364
spec/features/work_packages/copy_spec.rb:20.59582013823092
spec/features/work_packages/table/queries/subject_filter_spec.rb:10.40241398010403
spec/features/work_packages/new/new_work_package_spec.rb:253.08646127488464
spec/features/work_packages/table/delete_work_packages_spec.rb:32.72035185806453
modules/costs/spec/features/time_entries_spec.rb:6.517148063518107
spec/features/wysiwyg/ui_localization_spec.rb:3.6234860522672534
spec/features/users/edit_users_spec.rb:8.729601883329451
spec/features/wiki/adding_editing_history_spec.rb:15.580010006204247
spec/features/projects/modules_spec.rb:0.9077146602794528
spec/features/workflows/copy_spec.rb:0.16104448959231377
spec/features/types/form_configuration_spec.rb:46.22863369528204
modules/backlogs/spec/features/backlogs/create_story_spec.rb:3.211767186410725
modules/costs/spec/features/members_hourly_rates_spec.rb:14.287850613705814
modules/boards/spec/features/boards_sorting_spec.rb:5.592574115842581
modules/dashboards/spec/features/members_principals_spec.rb:2.1771996933966875
modules/team_planner/spec/features/team_planner_user_interaction_spec.rb:82.65414220374078
spec/features/versions/create_spec.rb:0.6988837495446205
spec/features/admin/enterprise/enterprise_trial_spec.rb:20.02375127095729
spec/features/projects/projects_portfolio_spec.rb:18.44426612369716
spec/features/work_packages/table/hierarchy/hierarchy_sorting_spec.rb:3.637794755399227
modules/reporting/spec/features/menu_spec.rb:0.9225300569087267
modules/meeting/spec/features/meetings_copy_spec.rb:3.897984204813838
modules/two_factor_authentication/spec/features/password_change_spec.rb:6.415805174037814
spec/features/auth/lost_password_spec.rb:0.2948808204382658
spec/features/work_packages/reports_spec.rb:3.3825402641668916
spec/features/custom_fields/create_int_spec.rb:2.098195127211511
spec/features/notifications/settings/pause_reminder_settings_spec.rb:7.231731082312763
spec/features/users/user_memberships_spec.rb:19.843994930386543
modules/team_planner/spec/features/team_planner_context_menu_spec.rb:103.6413958221674
modules/dashboards/spec/features/modifying_with_unallowed_spec.rb:7.363359956070781

Randomized with seed 44118
